08:48:26.747 [main] INFO  org.example.service.TraineeService - Retrieved all Trainees: [Trainee(id=1, dateOfBirth=Sat May 12 00:00:00 CEST 1990, address=123 Main St, userId=1), Trainee(id=2, dateOfBirth=Sat Feb 15 00:00:00 CET 1992, address=456 Oak St, userId=2)]
08:49:58.884 [main] INFO  org.example.service.TraineeService - Retrieved all Trainees: [Trainee(id=1, dateOfBirth=Sat May 12 00:00:00 CEST 1990, address=123 Main St, userId=1), Trainee(id=2, dateOfBirth=Sat Feb 15 00:00:00 CET 1992, address=456 Oak St, userId=2)]
08:49:58.886 [main] INFO  org.example.service.TrainerService - Retrieved all Trainers: [Trainer(id=1, specialization=1, userId=1), Trainer(id=2, specialization=2, userId=2)]
08:51:41.723 [main] INFO  org.example.service.TraineeService - Retrieved all Trainees: [Trainee(id=1, dateOfBirth=Sat May 12 00:00:00 CEST 1990, address=123 Main St, userId=1), Trainee(id=2, dateOfBirth=Sat Feb 15 00:00:00 CET 1992, address=456 Oak St, userId=2)]
08:51:41.725 [main] INFO  org.example.service.TrainerService - Retrieved all Trainers: [Trainer(id=1, specialization=1, userId=1), Trainer(id=2, specialization=2, userId=2)]
08:51:41.725 [main] INFO  org.example.service.TrainingService - Retrieved all Trainings: [Training(id=1, traineeId=1, trainerId=1, trainingName=Training1, trainingTypeId=1, trainingDate=Sat Nov 18 08:51:41 CET 2023, trainingDuration=60), Training(id=2, traineeId=2, trainerId=2, trainingName=Training2, trainingTypeId=2, trainingDate=Sat Nov 18 08:51:41 CET 2023, trainingDuration=45)]
08:52:55.205 [main] INFO  org.example.service.TraineeService - Retrieved all Trainees: [Trainee(id=1, dateOfBirth=Sat May 12 00:00:00 CEST 1990, address=123 Main St, userId=1), Trainee(id=2, dateOfBirth=Sat Feb 15 00:00:00 CET 1992, address=456 Oak St, userId=2)]
08:52:55.207 [main] INFO  org.example.facade.GymFacade - Retrieved all Trainees: [Trainee(id=1, dateOfBirth=Sat May 12 00:00:00 CEST 1990, address=123 Main St, userId=1), Trainee(id=2, dateOfBirth=Sat Feb 15 00:00:00 CET 1992, address=456 Oak St, userId=2)]
08:52:55.207 [main] INFO  org.example.service.TrainerService - Retrieved all Trainers: [Trainer(id=1, specialization=1, userId=1), Trainer(id=2, specialization=2, userId=2)]
08:52:55.207 [main] INFO  org.example.facade.GymFacade - Retrieved all Trainers: [Trainer(id=1, specialization=1, userId=1), Trainer(id=2, specialization=2, userId=2)]
08:52:55.208 [main] INFO  org.example.service.TrainingService - Retrieved all Trainings: [Training(id=1, traineeId=1, trainerId=1, trainingName=Training1, trainingTypeId=1, trainingDate=Sat Nov 18 08:52:55 CET 2023, trainingDuration=60), Training(id=2, traineeId=2, trainerId=2, trainingName=Training2, trainingTypeId=2, trainingDate=Sat Nov 18 08:52:55 CET 2023, trainingDuration=45)]
08:52:55.208 [main] INFO  org.example.facade.GymFacade - Retrieved all Trainings: [Training(id=1, traineeId=1, trainerId=1, trainingName=Training1, trainingTypeId=1, trainingDate=Sat Nov 18 08:52:55 CET 2023, trainingDuration=60), Training(id=2, traineeId=2, trainerId=2, trainingName=Training2, trainingTypeId=2, trainingDate=Sat Nov 18 08:52:55 CET 2023, trainingDuration=45)]
08:56:30.991 [main] INFO  org.example.service.TraineeService - Retrieved all Trainees: [Trainee(id=1, dateOfBirth=Sat May 12 00:00:00 CEST 1990, address=123 Main St, userId=1), Trainee(id=2, dateOfBirth=Sat Feb 15 00:00:00 CET 1992, address=456 Oak St, userId=2)]
08:56:30.993 [main] INFO  org.example.facade.GymFacade - Reading trainees...
08:56:30.994 [main] INFO  org.example.service.TrainerService - Retrieved all Trainers: [Trainer(id=1, specialization=1, userId=1), Trainer(id=2, specialization=2, userId=2)]
08:56:30.994 [main] INFO  org.example.facade.GymFacade - Reading trainers...
08:56:30.994 [main] INFO  org.example.service.TrainingService - Retrieved all Trainings: [Training(id=1, traineeId=1, trainerId=1, trainingName=Training1, trainingTypeId=1, trainingDate=Sat Nov 18 08:56:30 CET 2023, trainingDuration=60), Training(id=2, traineeId=2, trainerId=2, trainingName=Training2, trainingTypeId=2, trainingDate=Sat Nov 18 08:56:30 CET 2023, trainingDuration=45)]
08:56:30.994 [main] INFO  org.example.facade.GymFacade - Reading trainings...
09:00:56.987 [main] INFO  org.example.facade.GymFacade - Reading trainees...
09:00:57.000 [main] INFO  org.example.service.TraineeService - Retrieved all Trainees: [Trainee(id=1, dateOfBirth=Sat May 12 00:00:00 CEST 1990, address=123 Main St, userId=1), Trainee(id=2, dateOfBirth=Sat Feb 15 00:00:00 CET 1992, address=456 Oak St, userId=2)]
09:00:57.000 [main] INFO  org.example.facade.GymFacade - Finished reading trainees successfully.
09:00:57.001 [main] INFO  org.example.facade.GymFacade - Reading trainers...
09:00:57.001 [main] INFO  org.example.service.TrainerService - Retrieved all Trainers: [Trainer(id=1, specialization=1, userId=1), Trainer(id=2, specialization=2, userId=2)]
09:00:57.001 [main] INFO  org.example.facade.GymFacade - Finished reading trainers successfully.
09:00:57.001 [main] INFO  org.example.facade.GymFacade - Reading trainings...
09:00:57.001 [main] INFO  org.example.service.TrainingService - Retrieved all Trainings: [Training(id=1, traineeId=1, trainerId=1, trainingName=Training1, trainingTypeId=1, trainingDate=Sat Nov 18 09:00:56 CET 2023, trainingDuration=60), Training(id=2, traineeId=2, trainerId=2, trainingName=Training2, trainingTypeId=2, trainingDate=Sat Nov 18 09:00:56 CET 2023, trainingDuration=45)]
09:00:57.001 [main] INFO  org.example.facade.GymFacade - Finished reading trainings successfully.
09:02:34.844 [main] INFO  org.example.facade.GymFacade - Reading trainees...
09:02:34.856 [main] INFO  org.example.service.TraineeService - Retrieved all Trainees: [Trainee(id=1, dateOfBirth=Sat May 12 00:00:00 CEST 1990, address=123 Main St, userId=1), Trainee(id=2, dateOfBirth=Sat Feb 15 00:00:00 CET 1992, address=456 Oak St, userId=2)]
09:02:34.856 [main] INFO  org.example.facade.GymFacade - Reading trainers...
09:02:34.856 [main] INFO  org.example.service.TrainerService - Retrieved all Trainers: [Trainer(id=1, specialization=1, userId=1), Trainer(id=2, specialization=2, userId=2)]
09:02:34.857 [main] INFO  org.example.facade.GymFacade - Reading trainings...
09:02:34.857 [main] INFO  org.example.service.TrainingService - Retrieved all Trainings: [Training(id=1, traineeId=1, trainerId=1, trainingName=Training1, trainingTypeId=1, trainingDate=Sat Nov 18 09:02:34 CET 2023, trainingDuration=60), Training(id=2, traineeId=2, trainerId=2, trainingName=Training2, trainingTypeId=2, trainingDate=Sat Nov 18 09:02:34 CET 2023, trainingDuration=45)]
09:04:07.503 [main] INFO  org.example.facade.GymFacade - Reading trainees...
09:04:07.516 [main] INFO  org.example.service.TraineeService - Retrieved all Trainees: [Trainee(id=1, dateOfBirth=Sat May 12 00:00:00 CEST 1990, address=123 Main St, userId=1), Trainee(id=2, dateOfBirth=Sat Feb 15 00:00:00 CET 1992, address=456 Oak St, userId=2)]
09:04:07.516 [main] INFO  org.example.facade.GymFacade - Reading trainers...
09:04:07.516 [main] INFO  org.example.service.TrainerService - Retrieved all Trainers: [Trainer(id=1, specialization=1, userId=1), Trainer(id=2, specialization=2, userId=2)]
09:04:07.516 [main] INFO  org.example.facade.GymFacade - Reading trainings...
09:04:07.516 [main] INFO  org.example.service.TrainingService - Retrieved all Trainings: [Training(id=1, traineeId=1, trainerId=1, trainingName=Training1, trainingTypeId=1, trainingDate=Sat Nov 18 09:04:07 CET 2023, trainingDuration=60), Training(id=2, traineeId=2, trainerId=2, trainingName=Training2, trainingTypeId=2, trainingDate=Sat Nov 18 09:04:07 CET 2023, trainingDuration=45)]
09:05:22.784 [main] INFO  org.example.facade.GymFacade - Reading trainees...
09:05:22.786 [main] ERROR org.example.dao.TraineeDAO - No trainees found.
09:05:22.791 [main] INFO  org.example.service.TraineeService - Retrieved all Trainees: []
09:05:22.791 [main] INFO  org.example.facade.GymFacade - Reading trainers...
09:05:22.791 [main] INFO  org.example.service.TrainerService - Retrieved all Trainers: [Trainer(id=1, specialization=1, userId=1), Trainer(id=2, specialization=2, userId=2)]
09:05:22.791 [main] INFO  org.example.facade.GymFacade - Reading trainings...
09:05:22.797 [main] INFO  org.example.service.TrainingService - Retrieved all Trainings: [Training(id=1, traineeId=1, trainerId=1, trainingName=Training1, trainingTypeId=1, trainingDate=Sat Nov 18 09:05:22 CET 2023, trainingDuration=60), Training(id=2, traineeId=2, trainerId=2, trainingName=Training2, trainingTypeId=2, trainingDate=Sat Nov 18 09:05:22 CET 2023, trainingDuration=45)]
09:06:47.492 [main] INFO  org.example.facade.GymFacade - Reading trainees...
09:06:47.505 [main] INFO  org.example.service.TraineeService - Retrieved all Trainees: [Trainee(id=1, dateOfBirth=Sat May 12 00:00:00 CEST 1990, address=123 Main St, userId=1), Trainee(id=2, dateOfBirth=Sat Feb 15 00:00:00 CET 1992, address=456 Oak St, userId=2)]
09:06:47.505 [main] INFO  org.example.facade.GymFacade - Reading trainers...
09:06:47.505 [main] INFO  org.example.service.TrainerService - Retrieved all Trainers: [Trainer(id=1, specialization=1, userId=1), Trainer(id=2, specialization=2, userId=2)]
09:06:47.505 [main] INFO  org.example.facade.GymFacade - Reading trainings...
09:06:47.505 [main] INFO  org.example.service.TrainingService - Retrieved all Trainings: [Training(id=1, traineeId=1, trainerId=1, trainingName=Training1, trainingTypeId=1, trainingDate=Sat Nov 18 09:06:47 CET 2023, trainingDuration=60), Training(id=2, traineeId=2, trainerId=2, trainingName=Training2, trainingTypeId=2, trainingDate=Sat Nov 18 09:06:47 CET 2023, trainingDuration=45)]
09:35:02.700 [main] INFO  org.example.service.TraineeService - Trainee deleted with ID: 1
09:35:02.732 [main] INFO  org.example.service.TraineeService - Retrieved all Trainees: [Trainee(id=null, dateOfBirth=null, address=null, userId=null)]
09:35:02.740 [main] INFO  org.example.service.TraineeService - Trainee created: Trainee(id=null, dateOfBirth=null, address=null, userId=null)
09:35:02.745 [main] INFO  org.example.service.TraineeService - Retrieved Trainee by ID 1: Trainee(id=null, dateOfBirth=null, address=null, userId=null)
09:35:02.749 [main] INFO  org.example.service.TraineeService - Trainee updated: Trainee(id=null, dateOfBirth=null, address=null, userId=null)
09:37:45.862 [main] INFO  org.example.service.TraineeService - Trainee deleted with ID: 1
09:37:45.896 [main] INFO  org.example.service.TraineeService - Retrieved all Trainees: [Trainee(id=null, dateOfBirth=null, address=null, userId=null)]
09:37:45.905 [main] INFO  org.example.service.TraineeService - Trainee created: Trainee(id=null, dateOfBirth=null, address=null, userId=null)
09:37:45.908 [main] INFO  org.example.service.TraineeService - Retrieved Trainee by ID 1: Trainee(id=null, dateOfBirth=null, address=null, userId=null)
09:37:45.911 [main] INFO  org.example.service.TraineeService - Trainee updated: Trainee(id=null, dateOfBirth=null, address=null, userId=null)
09:37:56.825 [main] INFO  org.example.service.TraineeService - Trainee deleted with ID: 1
09:37:56.853 [main] INFO  org.example.service.TraineeService - Retrieved all Trainees: [Trainee(id=null, dateOfBirth=null, address=null, userId=null)]
09:37:56.861 [main] INFO  org.example.service.TraineeService - Trainee created: Trainee(id=null, dateOfBirth=null, address=null, userId=null)
09:37:56.864 [main] INFO  org.example.service.TraineeService - Retrieved Trainee by ID 1: Trainee(id=null, dateOfBirth=null, address=null, userId=null)
09:37:56.866 [main] INFO  org.example.service.TraineeService - Trainee updated: Trainee(id=null, dateOfBirth=null, address=null, userId=null)
09:38:44.794 [main] INFO  org.example.service.TraineeService - Trainee deleted with ID: 1
09:38:44.830 [main] INFO  org.example.service.TraineeService - Retrieved all Trainees: [Trainee(id=null, dateOfBirth=null, address=null, userId=null)]
09:38:44.840 [main] INFO  org.example.service.TraineeService - Trainee created: Trainee(id=null, dateOfBirth=null, address=null, userId=null)
09:38:44.843 [main] INFO  org.example.service.TraineeService - Retrieved Trainee by ID 1: Trainee(id=null, dateOfBirth=null, address=null, userId=null)
09:38:44.846 [main] INFO  org.example.service.TraineeService - Trainee updated: Trainee(id=null, dateOfBirth=null, address=null, userId=null)
09:40:55.234 [main] INFO  org.example.service.TraineeService - Retrieved all Trainees: [Trainee(id=1, dateOfBirth=Sat Nov 18 09:40:55 CET 2023, address=123 Main St, userId=1)]
09:46:23.683 [main] INFO  org.example.service.TraineeService - Trainee updated: Trainee(id=1, dateOfBirth=Sat Nov 18 09:46:23 CET 2023, address=123 Main St, userId=1)
09:47:20.900 [main] INFO  org.example.service.TraineeService - Trainee updated: Trainee(id=1, dateOfBirth=Sat Nov 18 09:47:20 CET 2023, address=123 Main St, userId=1)
09:48:37.991 [main] INFO  org.example.service.TraineeService - Trainee updated: Trainee(id=1, dateOfBirth=Sat Nov 18 09:48:37 CET 2023, address=123 Main St, userId=1)
09:52:31.915 [main] INFO  org.example.service.TraineeService - Trainee deleted with ID: 1
09:52:31.950 [main] INFO  org.example.service.TraineeService - Retrieved all Trainees: [Trainee(id=1, dateOfBirth=Sat Nov 18 09:52:31 CET 2023, address=123 Main St, userId=1)]
09:52:31.961 [main] INFO  org.example.service.TraineeService - Trainee created: Trainee(id=1, dateOfBirth=Sat Nov 18 09:52:31 CET 2023, address=123 Main St, userId=1)
09:52:31.964 [main] INFO  org.example.service.TraineeService - Retrieved Trainee by ID 1: Trainee(id=null, dateOfBirth=null, address=null, userId=null)
09:52:31.969 [main] INFO  org.example.service.TraineeService - Trainee updated: Trainee(id=1, dateOfBirth=Sat Nov 18 09:52:31 CET 2023, address=123 Main St, userId=1)
09:53:38.915 [main] INFO  org.example.service.TrainerService - Trainer deleted with ID: 1
09:53:38.949 [main] INFO  org.example.service.TrainerService - Retrieved all Trainers: [Trainer(id=null, specialization=null, userId=null)]
09:53:38.957 [main] INFO  org.example.service.TrainerService - Trainer created: Trainer(id=null, specialization=null, userId=null)
09:53:38.961 [main] INFO  org.example.service.TrainerService - Retrieved Trainer by ID 1: Trainer(id=null, specialization=null, userId=null)
09:53:38.964 [main] INFO  org.example.service.TrainerService - Trainer updated: Trainer(id=null, specialization=null, userId=null)
09:54:16.298 [main] INFO  org.example.service.TrainingService - Training created: Training(id=null, traineeId=null, trainerId=null, trainingName=null, trainingTypeId=null, trainingDate=null, trainingDuration=0)
09:54:16.334 [main] INFO  org.example.service.TrainingService - Retrieved Training by ID 1: Training(id=null, traineeId=null, trainerId=null, trainingName=null, trainingTypeId=null, trainingDate=null, trainingDuration=0)
09:54:16.342 [main] INFO  org.example.service.TrainingService - Training deleted with ID: 1
09:54:16.346 [main] INFO  org.example.service.TrainingService - Retrieved all Trainings: [Training(id=null, traineeId=null, trainerId=null, trainingName=null, trainingTypeId=null, trainingDate=null, trainingDuration=0)]
09:54:16.350 [main] INFO  org.example.service.TrainingService - Training updated: Training(id=null, traineeId=null, trainerId=null, trainingName=null, trainingTypeId=null, trainingDate=null, trainingDuration=0)
10:42:54.147 [main] INFO  org.hibernate.Version - HHH000412: Hibernate ORM core version 6.2.8.Final
10:42:54.156 [main] INFO  org.hibernate.cfg.Environment - HHH000406: Using bytecode reflection optimizer
10:42:54.554 [main] WARN  org.hibernate.engine.jdbc.env.internal.JdbcEnvironmentInitiator - HHH000342: Could not obtain connection to query metadata
java.sql.SQLException: Cannot load JDBC driver class 'org.h2.Driver'
	at org.apache.tomcat.dbcp.dbcp2.DriverFactory.createDriver(DriverFactory.java:53) ~[tomcat-dbcp-9.0.80.jar:9.0.80]
	at org.apache.tomcat.dbcp.dbcp2.BasicDataSource.createConnectionFactory(BasicDataSource.java:465) ~[tomcat-dbcp-9.0.80.jar:9.0.80]
	at org.apache.tomcat.dbcp.dbcp2.BasicDataSource.createDataSource(BasicDataSource.java:529) ~[tomcat-dbcp-9.0.80.jar:9.0.80]
	at org.apache.tomcat.dbcp.dbcp2.BasicDataSource.getConnection(BasicDataSource.java:710) ~[tomcat-dbcp-9.0.80.jar:9.0.80]
	at org.hibernate.engine.jdbc.connections.internal.DatasourceConnectionProviderImpl.getConnection(DatasourceConnectionProviderImpl.java:122) ~[hibernate-core-6.2.8.Final.jar:6.2.8.Final]
	at org.hibernate.engine.jdbc.env.internal.JdbcEnvironmentInitiator$ConnectionProviderJdbcConnectionAccess.obtainConnection(JdbcEnvironmentInitiator.java:316) ~[hibernate-core-6.2.8.Final.jar:6.2.8.Final]
	at org.hibernate.engine.jdbc.env.internal.JdbcEnvironmentInitiator.initiateService(JdbcEnvironmentInitiator.java:152) ~[hibernate-core-6.2.8.Final.jar:6.2.8.Final]
	at org.hibernate.engine.jdbc.env.internal.JdbcEnvironmentInitiator.initiateService(JdbcEnvironmentInitiator.java:34) ~[hibernate-core-6.2.8.Final.jar:6.2.8.Final]
	at org.hibernate.boot.registry.internal.StandardServiceRegistryImpl.initiateService(StandardServiceRegistryImpl.java:119) ~[hibernate-core-6.2.8.Final.jar:6.2.8.Final]
	at org.hibernate.service.internal.AbstractServiceRegistryImpl.createService(AbstractServiceRegistryImpl.java:264) ~[hibernate-core-6.2.8.Final.jar:6.2.8.Final]
	at org.hibernate.service.internal.AbstractServiceRegistryImpl.initializeService(AbstractServiceRegistryImpl.java:239) ~[hibernate-core-6.2.8.Final.jar:6.2.8.Final]
	at org.hibernate.service.internal.AbstractServiceRegistryImpl.getService(AbstractServiceRegistryImpl.java:216) ~[hibernate-core-6.2.8.Final.jar:6.2.8.Final]
	at org.hibernate.boot.model.relational.Database.<init>(Database.java:45) ~[hibernate-core-6.2.8.Final.jar:6.2.8.Final]
	at org.hibernate.boot.internal.InFlightMetadataCollectorImpl.getDatabase(InFlightMetadataCollectorImpl.java:231) ~[hibernate-core-6.2.8.Final.jar:6.2.8.Final]
	at org.hibernate.boot.internal.InFlightMetadataCollectorImpl.<init>(InFlightMetadataCollectorImpl.java:199) ~[hibernate-core-6.2.8.Final.jar:6.2.8.Final]
	at org.hibernate.boot.model.process.spi.MetadataBuildingProcess.complete(MetadataBuildingProcess.java:169) ~[hibernate-core-6.2.8.Final.jar:6.2.8.Final]
	at org.hibernate.boot.model.process.spi.MetadataBuildingProcess.build(MetadataBuildingProcess.java:128) ~[hibernate-core-6.2.8.Final.jar:6.2.8.Final]
	at org.hibernate.boot.internal.MetadataBuilderImpl.build(MetadataBuilderImpl.java:451) ~[hibernate-core-6.2.8.Final.jar:6.2.8.Final]
	at org.hibernate.boot.internal.MetadataBuilderImpl.build(MetadataBuilderImpl.java:102) ~[hibernate-core-6.2.8.Final.jar:6.2.8.Final]
	at org.hibernate.cfg.Configuration.buildSessionFactory(Configuration.java:910) ~[hibernate-core-6.2.8.Final.jar:6.2.8.Final]
	at org.hibernate.cfg.Configuration.buildSessionFactory(Configuration.java:960) ~[hibernate-core-6.2.8.Final.jar:6.2.8.Final]
	at org.springframework.orm.hibernate5.LocalSessionFactoryBean.buildSessionFactory(LocalSessionFactoryBean.java:616) ~[spring-orm-6.0.11.jar:6.0.11]
	at org.springframework.orm.hibernate5.LocalSessionFactoryBean.afterPropertiesSet(LocalSessionFactoryBean.java:600) ~[spring-orm-6.0.11.jar:6.0.11]
	at org.springframework.beans.factory.support.AbstractAutowireCapableBeanFactory.invokeInitMethods(AbstractAutowireCapableBeanFactory.java:1817) ~[spring-beans-6.0.13.jar:6.0.13]
	at org.springframework.beans.factory.support.AbstractAutowireCapableBeanFactory.initializeBean(AbstractAutowireCapableBeanFactory.java:1766) ~[spring-beans-6.0.13.jar:6.0.13]
	at org.springframework.beans.factory.support.AbstractAutowireCapableBeanFactory.doCreateBean(AbstractAutowireCapableBeanFactory.java:598) ~[spring-beans-6.0.13.jar:6.0.13]
	at org.springframework.beans.factory.support.AbstractAutowireCapableBeanFactory.createBean(AbstractAutowireCapableBeanFactory.java:520) ~[spring-beans-6.0.13.jar:6.0.13]
	at org.springframework.beans.factory.support.AbstractBeanFactory.lambda$doGetBean$0(AbstractBeanFactory.java:325) ~[spring-beans-6.0.13.jar:6.0.13]
	at org.springframework.beans.factory.support.DefaultSingletonBeanRegistry.getSingleton(DefaultSingletonBeanRegistry.java:234) [spring-beans-6.0.13.jar:6.0.13]
	at org.springframework.beans.factory.support.AbstractBeanFactory.doGetBean(AbstractBeanFactory.java:323) [spring-beans-6.0.13.jar:6.0.13]
	at org.springframework.beans.factory.support.AbstractBeanFactory.getBean(AbstractBeanFactory.java:199) [spring-beans-6.0.13.jar:6.0.13]
	at org.springframework.beans.factory.support.DefaultListableBeanFactory.preInstantiateSingletons(DefaultListableBeanFactory.java:967) [spring-beans-6.0.13.jar:6.0.13]
	at org.springframework.context.support.AbstractApplicationContext.finishBeanFactoryInitialization(AbstractApplicationContext.java:950) [spring-context-6.0.13.jar:6.0.13]
	at org.springframework.context.support.AbstractApplicationContext.refresh(AbstractApplicationContext.java:616) [spring-context-6.0.13.jar:6.0.13]
	at org.springframework.context.annotation.AnnotationConfigApplicationContext.<init>(AnnotationConfigApplicationContext.java:93) [spring-context-6.0.13.jar:6.0.13]
	at org.example.App.main(App.java:9) [classes/:?]
Caused by: java.lang.ClassNotFoundException: org.h2.Driver
	at java.base/jdk.internal.loader.BuiltinClassLoader.loadClass(BuiltinClassLoader.java:641) ~[?:?]
	at java.base/jdk.internal.loader.ClassLoaders$AppClassLoader.loadClass(ClassLoaders.java:188) ~[?:?]
	at java.base/java.lang.ClassLoader.loadClass(ClassLoader.java:525) ~[?:?]
	at org.apache.tomcat.dbcp.dbcp2.DriverFactory.createDriver(DriverFactory.java:48) ~[tomcat-dbcp-9.0.80.jar:9.0.80]
	... 35 more
10:42:54.708 [main] INFO  org.hibernate.bytecode.internal.BytecodeProviderInitiator - HHH000021: Bytecode provider name : bytebuddy
10:42:55.605 [main] INFO  org.hibernate.engine.transaction.jta.platform.internal.JtaPlatformInitiator - HHH000490: Using JtaPlatform implementation: [org.hibernate.engine.transaction.jta.platform.internal.NoJtaPlatform]
10:42:55.741 [main] INFO  org.example.facade.GymFacade - Reading trainees...
10:42:55.745 [main] INFO  org.example.service.TraineeService - Retrieved all Trainees: [Trainee(id=1, dateOfBirth=Sat May 12 00:00:00 CEST 1990, address=123 Main St, userId=1), Trainee(id=2, dateOfBirth=Sat Feb 15 00:00:00 CET 1992, address=456 Oak St, userId=2)]
10:42:55.747 [main] INFO  org.example.facade.GymFacade - Reading trainers...
10:42:55.748 [main] INFO  org.example.service.TrainerService - Retrieved all Trainers: [Trainer(id=1, specialization=1, userId=1), Trainer(id=2, specialization=2, userId=2)]
10:42:55.748 [main] INFO  org.example.facade.GymFacade - Reading trainings...
10:42:55.749 [main] INFO  org.example.service.TrainingService - Retrieved all Trainings: [Training(id=1, traineeId=1, trainerId=1, trainingName=Training1, trainingTypeId=1, trainingDate=Thu Nov 23 10:42:53 CET 2023, trainingDuration=60), Training(id=2, traineeId=2, trainerId=2, trainingName=Training2, trainingTypeId=2, trainingDate=Thu Nov 23 10:42:53 CET 2023, trainingDuration=45)]
10:47:34.365 [main] INFO  org.hibernate.Version - HHH000412: Hibernate ORM core version 6.2.8.Final
10:47:34.374 [main] INFO  org.hibernate.cfg.Environment - HHH000406: Using bytecode reflection optimizer
10:47:35.654 [main] INFO  org.hibernate.bytecode.internal.BytecodeProviderInitiator - HHH000021: Bytecode provider name : bytebuddy
10:47:36.252 [main] INFO  org.hibernate.engine.transaction.jta.platform.internal.JtaPlatformInitiator - HHH000490: Using JtaPlatform implementation: [org.hibernate.engine.transaction.jta.platform.internal.NoJtaPlatform]
10:47:36.321 [main] INFO  org.example.facade.GymFacade - Reading trainees...
10:47:36.323 [main] INFO  org.example.service.TraineeService - Retrieved all Trainees: [Trainee(id=1, dateOfBirth=Sat May 12 00:00:00 CEST 1990, address=123 Main St, userId=1), Trainee(id=2, dateOfBirth=Sat Feb 15 00:00:00 CET 1992, address=456 Oak St, userId=2)]
10:47:36.323 [main] INFO  org.example.facade.GymFacade - Reading trainers...
10:47:36.323 [main] INFO  org.example.service.TrainerService - Retrieved all Trainers: [Trainer(id=1, specialization=1, userId=1), Trainer(id=2, specialization=2, userId=2)]
10:47:36.323 [main] INFO  org.example.facade.GymFacade - Reading trainings...
10:47:36.323 [main] INFO  org.example.service.TrainingService - Retrieved all Trainings: [Training(id=1, traineeId=1, trainerId=1, trainingName=Training1, trainingTypeId=1, trainingDate=Thu Nov 23 10:47:34 CET 2023, trainingDuration=60), Training(id=2, traineeId=2, trainerId=2, trainingName=Training2, trainingTypeId=2, trainingDate=Thu Nov 23 10:47:34 CET 2023, trainingDuration=45)]
11:51:45.550 [main] INFO  org.example.service.TraineeService - Retrieved all Trainees: [Trainee(id=1, dateOfBirth=Thu Nov 23 11:51:45 CET 2023, address=123 Main St, userId=1)]
11:51:45.652 [main] INFO  org.example.service.TraineeService - Trainee created: Trainee(id=1, dateOfBirth=Thu Nov 23 11:51:45 CET 2023, address=123 Main St, userId=1)
11:51:45.667 [main] INFO  org.example.service.TraineeService - Retrieved Trainee by ID 1: Trainee(id=null, dateOfBirth=null, address=null, userId=null)
11:51:45.678 [main] INFO  org.example.service.TraineeService - Trainee updated: Trainee(id=1, dateOfBirth=Thu Nov 23 11:51:45 CET 2023, address=123 Main St, userId=1)
11:51:45.791 [main] INFO  org.example.service.TrainerService - Retrieved all Trainers: [Trainer(id=null, specialization=null, userId=null)]
11:51:45.801 [main] INFO  org.example.service.TrainerService - Trainer created: Trainer(id=null, specialization=null, userId=null)
11:51:45.808 [main] INFO  org.example.service.TrainerService - Retrieved Trainer by ID 1: Trainer(id=null, specialization=null, userId=null)
11:51:45.816 [main] INFO  org.example.service.TrainerService - Trainer updated: Trainer(id=null, specialization=null, userId=null)
11:51:45.864 [main] INFO  org.example.service.TrainingService - Training created: Training(id=null, traineeId=null, trainerId=null, trainingName=null, trainingTypeId=null, trainingDate=null, trainingDuration=0)
11:51:45.872 [main] INFO  org.example.service.TrainingService - Retrieved Training by ID 1: Training(id=null, traineeId=null, trainerId=null, trainingName=null, trainingTypeId=null, trainingDate=null, trainingDuration=0)
11:51:45.889 [main] INFO  org.example.service.TrainingService - Retrieved all Trainings: [Training(id=null, traineeId=null, trainerId=null, trainingName=null, trainingTypeId=null, trainingDate=null, trainingDuration=0)]
11:51:45.896 [main] INFO  org.example.service.TrainingService - Training updated: Training(id=null, traineeId=null, trainerId=null, trainingName=null, trainingTypeId=null, trainingDate=null, trainingDuration=0)
11:52:51.973 [main] INFO  org.hibernate.Version - HHH000412: Hibernate ORM core version 6.2.8.Final
11:52:51.982 [main] INFO  org.hibernate.cfg.Environment - HHH000406: Using bytecode reflection optimizer
11:52:52.694 [main] INFO  org.hibernate.bytecode.internal.BytecodeProviderInitiator - HHH000021: Bytecode provider name : bytebuddy
11:52:53.102 [main] INFO  org.hibernate.engine.transaction.jta.platform.internal.JtaPlatformInitiator - HHH000490: Using JtaPlatform implementation: [org.hibernate.engine.transaction.jta.platform.internal.NoJtaPlatform]
11:52:53.211 [main] INFO  org.example.facade.GymFacade - Reading trainees...
11:52:53.428 [main] ERROR org.example.dao.TraineeDAO - Error while finding all trainees
java.lang.IllegalArgumentException: org.hibernate.query.sqm.UnknownEntityException: Could not resolve root entity 'Trainee'
	at org.hibernate.internal.ExceptionConverterImpl.convert(ExceptionConverterImpl.java:138) ~[hibernate-core-6.2.8.Final.jar:6.2.8.Final]
	at org.hibernate.internal.ExceptionConverterImpl.convert(ExceptionConverterImpl.java:162) ~[hibernate-core-6.2.8.Final.jar:6.2.8.Final]
	at org.hibernate.internal.ExceptionConverterImpl.convert(ExceptionConverterImpl.java:168) ~[hibernate-core-6.2.8.Final.jar:6.2.8.Final]
	at org.hibernate.internal.AbstractSharedSessionContract.createQuery(AbstractSharedSessionContract.java:795) ~[hibernate-core-6.2.8.Final.jar:6.2.8.Final]
	at org.hibernate.internal.AbstractSharedSessionContract.createQuery(AbstractSharedSessionContract.java:120) ~[hibernate-core-6.2.8.Final.jar:6.2.8.Final]
	at org.example.dao.TraineeDAO.getAllTrainees(TraineeDAO.java:71) [classes/:?]
	at java.base/jdk.internal.reflect.NativeMethodAccessorImpl.invoke0(Native Method) ~[?:?]
	at java.base/jdk.internal.reflect.NativeMethodAccessorImpl.invoke(NativeMethodAccessorImpl.java:77) ~[?:?]
	at java.base/jdk.internal.reflect.DelegatingMethodAccessorImpl.invoke(DelegatingMethodAccessorImpl.java:43) ~[?:?]
	at java.base/java.lang.reflect.Method.invoke(Method.java:568) ~[?:?]
	at org.springframework.aop.support.AopUtils.invokeJoinpointUsingReflection(AopUtils.java:343) [spring-aop-6.0.13.jar:6.0.13]
	at org.springframework.aop.framework.ReflectiveMethodInvocation.invokeJoinpoint(ReflectiveMethodInvocation.java:196) [spring-aop-6.0.13.jar:6.0.13]
	at org.springframework.aop.framework.ReflectiveMethodInvocation.proceed(ReflectiveMethodInvocation.java:163) [spring-aop-6.0.13.jar:6.0.13]
	at org.springframework.aop.framework.CglibAopProxy$CglibMethodInvocation.proceed(CglibAopProxy.java:751) [spring-aop-6.0.13.jar:6.0.13]
	at org.springframework.transaction.interceptor.TransactionInterceptor$1.proceedWithInvocation(TransactionInterceptor.java:123) [spring-tx-6.0.11.jar:6.0.11]
	at org.springframework.transaction.interceptor.TransactionAspectSupport.invokeWithinTransaction(TransactionAspectSupport.java:391) [spring-tx-6.0.11.jar:6.0.11]
	at org.springframework.transaction.interceptor.TransactionInterceptor.invoke(TransactionInterceptor.java:119) [spring-tx-6.0.11.jar:6.0.11]
	at org.springframework.aop.framework.ReflectiveMethodInvocation.proceed(ReflectiveMethodInvocation.java:184) [spring-aop-6.0.13.jar:6.0.13]
	at org.springframework.aop.framework.CglibAopProxy$CglibMethodInvocation.proceed(CglibAopProxy.java:751) [spring-aop-6.0.13.jar:6.0.13]
	at org.springframework.aop.framework.CglibAopProxy$DynamicAdvisedInterceptor.intercept(CglibAopProxy.java:703) [spring-aop-6.0.13.jar:6.0.13]
	at org.example.dao.TraineeDAO$$SpringCGLIB$$0.getAllTrainees(<generated>) [classes/:?]
	at org.example.service.TraineeService.getAllTrainees(TraineeService.java:69) [classes/:?]
	at org.example.facade.GymFacade.readTrainees(GymFacade.java:36) [classes/:?]
	at org.example.App.main(App.java:12) [classes/:?]
Caused by: org.hibernate.query.sqm.UnknownEntityException: Could not resolve root entity 'Trainee'
	at org.hibernate.query.hql.internal.SemanticQueryBuilder.visitRootEntity(SemanticQueryBuilder.java:1960) ~[hibernate-core-6.2.8.Final.jar:6.2.8.Final]
	at org.hibernate.query.hql.internal.SemanticQueryBuilder.visitRootEntity(SemanticQueryBuilder.java:253) ~[hibernate-core-6.2.8.Final.jar:6.2.8.Final]
	at org.hibernate.grammars.hql.HqlParser$RootEntityContext.accept(HqlParser.java:2473) ~[hibernate-core-6.2.8.Final.jar:6.2.8.Final]
	at org.hibernate.query.hql.internal.SemanticQueryBuilder.visitEntityWithJoins(SemanticQueryBuilder.java:1874) ~[hibernate-core-6.2.8.Final.jar:6.2.8.Final]
	at org.hibernate.query.hql.internal.SemanticQueryBuilder.visitFromClause(SemanticQueryBuilder.java:1865) ~[hibernate-core-6.2.8.Final.jar:6.2.8.Final]
	at org.hibernate.query.hql.internal.SemanticQueryBuilder.visitQuery(SemanticQueryBuilder.java:1141) ~[hibernate-core-6.2.8.Final.jar:6.2.8.Final]
	at org.hibernate.query.hql.internal.SemanticQueryBuilder.visitQuerySpecExpression(SemanticQueryBuilder.java:937) ~[hibernate-core-6.2.8.Final.jar:6.2.8.Final]
	at org.hibernate.query.hql.internal.SemanticQueryBuilder.visitQuerySpecExpression(SemanticQueryBuilder.java:253) ~[hibernate-core-6.2.8.Final.jar:6.2.8.Final]
	at org.hibernate.grammars.hql.HqlParser$QuerySpecExpressionContext.accept(HqlParser.java:1818) ~[hibernate-core-6.2.8.Final.jar:6.2.8.Final]
	at org.hibernate.query.hql.internal.SemanticQueryBuilder.visitSimpleQueryGroup(SemanticQueryBuilder.java:931) ~[hibernate-core-6.2.8.Final.jar:6.2.8.Final]
	at org.hibernate.query.hql.internal.SemanticQueryBuilder.visitSimpleQueryGroup(SemanticQueryBuilder.java:253) ~[hibernate-core-6.2.8.Final.jar:6.2.8.Final]
	at org.hibernate.grammars.hql.HqlParser$SimpleQueryGroupContext.accept(HqlParser.java:1711) ~[hibernate-core-6.2.8.Final.jar:6.2.8.Final]
	at org.hibernate.query.hql.internal.SemanticQueryBuilder.visitSelectStatement(SemanticQueryBuilder.java:418) ~[hibernate-core-6.2.8.Final.jar:6.2.8.Final]
	at org.hibernate.query.hql.internal.SemanticQueryBuilder.visitStatement(SemanticQueryBuilder.java:377) ~[hibernate-core-6.2.8.Final.jar:6.2.8.Final]
	at org.hibernate.query.hql.internal.SemanticQueryBuilder.buildSemanticModel(SemanticQueryBuilder.java:295) ~[hibernate-core-6.2.8.Final.jar:6.2.8.Final]
	at org.hibernate.query.hql.internal.StandardHqlTranslator.translate(StandardHqlTranslator.java:81) ~[hibernate-core-6.2.8.Final.jar:6.2.8.Final]
	at org.hibernate.query.internal.QueryInterpretationCacheStandardImpl.createHqlInterpretation(QueryInterpretationCacheStandardImpl.java:165) ~[hibernate-core-6.2.8.Final.jar:6.2.8.Final]
	at org.hibernate.query.internal.QueryInterpretationCacheStandardImpl.resolveHqlInterpretation(QueryInterpretationCacheStandardImpl.java:147) ~[hibernate-core-6.2.8.Final.jar:6.2.8.Final]
	at org.hibernate.internal.AbstractSharedSessionContract.interpretHql(AbstractSharedSessionContract.java:741) ~[hibernate-core-6.2.8.Final.jar:6.2.8.Final]
	at org.hibernate.internal.AbstractSharedSessionContract.createQuery(AbstractSharedSessionContract.java:786) ~[hibernate-core-6.2.8.Final.jar:6.2.8.Final]
	... 20 more
11:54:34.406 [main] INFO  org.hibernate.Version - HHH000412: Hibernate ORM core version 6.2.8.Final
11:54:34.416 [main] INFO  org.hibernate.cfg.Environment - HHH000406: Using bytecode reflection optimizer
11:54:35.327 [main] INFO  org.hibernate.bytecode.internal.BytecodeProviderInitiator - HHH000021: Bytecode provider name : bytebuddy
11:54:35.746 [main] INFO  org.hibernate.engine.transaction.jta.platform.internal.JtaPlatformInitiator - HHH000490: Using JtaPlatform implementation: [org.hibernate.engine.transaction.jta.platform.internal.NoJtaPlatform]
11:54:35.896 [main] INFO  org.example.facade.GymFacade - Reading trainers...
11:54:36.210 [main] ERROR org.example.dao.TrainerDAO - Error while finding all trainers
java.lang.IllegalArgumentException: org.hibernate.query.sqm.UnknownEntityException: Could not resolve root entity 'Trainer'
	at org.hibernate.internal.ExceptionConverterImpl.convert(ExceptionConverterImpl.java:138) ~[hibernate-core-6.2.8.Final.jar:6.2.8.Final]
	at org.hibernate.internal.ExceptionConverterImpl.convert(ExceptionConverterImpl.java:162) ~[hibernate-core-6.2.8.Final.jar:6.2.8.Final]
	at org.hibernate.internal.ExceptionConverterImpl.convert(ExceptionConverterImpl.java:168) ~[hibernate-core-6.2.8.Final.jar:6.2.8.Final]
	at org.hibernate.internal.AbstractSharedSessionContract.createQuery(AbstractSharedSessionContract.java:795) ~[hibernate-core-6.2.8.Final.jar:6.2.8.Final]
	at org.hibernate.internal.AbstractSharedSessionContract.createQuery(AbstractSharedSessionContract.java:120) ~[hibernate-core-6.2.8.Final.jar:6.2.8.Final]
	at org.example.dao.TrainerDAO.getAllTrainers(TrainerDAO.java:117) [classes/:?]
	at org.example.service.TrainerService.getAllTrainers(TrainerService.java:68) [classes/:?]
	at org.example.facade.GymFacade.readTrainers(GymFacade.java:41) [classes/:?]
	at org.example.App.main(App.java:13) [classes/:?]
Caused by: org.hibernate.query.sqm.UnknownEntityException: Could not resolve root entity 'Trainer'
	at org.hibernate.query.hql.internal.SemanticQueryBuilder.visitRootEntity(SemanticQueryBuilder.java:1960) ~[hibernate-core-6.2.8.Final.jar:6.2.8.Final]
	at org.hibernate.query.hql.internal.SemanticQueryBuilder.visitRootEntity(SemanticQueryBuilder.java:253) ~[hibernate-core-6.2.8.Final.jar:6.2.8.Final]
	at org.hibernate.grammars.hql.HqlParser$RootEntityContext.accept(HqlParser.java:2473) ~[hibernate-core-6.2.8.Final.jar:6.2.8.Final]
	at org.hibernate.query.hql.internal.SemanticQueryBuilder.visitEntityWithJoins(SemanticQueryBuilder.java:1874) ~[hibernate-core-6.2.8.Final.jar:6.2.8.Final]
	at org.hibernate.query.hql.internal.SemanticQueryBuilder.visitFromClause(SemanticQueryBuilder.java:1865) ~[hibernate-core-6.2.8.Final.jar:6.2.8.Final]
	at org.hibernate.query.hql.internal.SemanticQueryBuilder.visitQuery(SemanticQueryBuilder.java:1141) ~[hibernate-core-6.2.8.Final.jar:6.2.8.Final]
	at org.hibernate.query.hql.internal.SemanticQueryBuilder.visitQuerySpecExpression(SemanticQueryBuilder.java:937) ~[hibernate-core-6.2.8.Final.jar:6.2.8.Final]
	at org.hibernate.query.hql.internal.SemanticQueryBuilder.visitQuerySpecExpression(SemanticQueryBuilder.java:253) ~[hibernate-core-6.2.8.Final.jar:6.2.8.Final]
	at org.hibernate.grammars.hql.HqlParser$QuerySpecExpressionContext.accept(HqlParser.java:1818) ~[hibernate-core-6.2.8.Final.jar:6.2.8.Final]
	at org.hibernate.query.hql.internal.SemanticQueryBuilder.visitSimpleQueryGroup(SemanticQueryBuilder.java:931) ~[hibernate-core-6.2.8.Final.jar:6.2.8.Final]
	at org.hibernate.query.hql.internal.SemanticQueryBuilder.visitSimpleQueryGroup(SemanticQueryBuilder.java:253) ~[hibernate-core-6.2.8.Final.jar:6.2.8.Final]
	at org.hibernate.grammars.hql.HqlParser$SimpleQueryGroupContext.accept(HqlParser.java:1711) ~[hibernate-core-6.2.8.Final.jar:6.2.8.Final]
	at org.hibernate.query.hql.internal.SemanticQueryBuilder.visitSelectStatement(SemanticQueryBuilder.java:418) ~[hibernate-core-6.2.8.Final.jar:6.2.8.Final]
	at org.hibernate.query.hql.internal.SemanticQueryBuilder.visitStatement(SemanticQueryBuilder.java:377) ~[hibernate-core-6.2.8.Final.jar:6.2.8.Final]
	at org.hibernate.query.hql.internal.SemanticQueryBuilder.buildSemanticModel(SemanticQueryBuilder.java:295) ~[hibernate-core-6.2.8.Final.jar:6.2.8.Final]
	at org.hibernate.query.hql.internal.StandardHqlTranslator.translate(StandardHqlTranslator.java:81) ~[hibernate-core-6.2.8.Final.jar:6.2.8.Final]
	at org.hibernate.query.internal.QueryInterpretationCacheStandardImpl.createHqlInterpretation(QueryInterpretationCacheStandardImpl.java:165) ~[hibernate-core-6.2.8.Final.jar:6.2.8.Final]
	at org.hibernate.query.internal.QueryInterpretationCacheStandardImpl.resolveHqlInterpretation(QueryInterpretationCacheStandardImpl.java:147) ~[hibernate-core-6.2.8.Final.jar:6.2.8.Final]
	at org.hibernate.internal.AbstractSharedSessionContract.interpretHql(AbstractSharedSessionContract.java:741) ~[hibernate-core-6.2.8.Final.jar:6.2.8.Final]
	at org.hibernate.internal.AbstractSharedSessionContract.createQuery(AbstractSharedSessionContract.java:786) ~[hibernate-core-6.2.8.Final.jar:6.2.8.Final]
	... 5 more
11:54:36.228 [main] INFO  org.example.service.TrainerService - Retrieved all Trainers: null
11:54:36.229 [main] INFO  org.example.facade.GymFacade - Reading trainings...
11:54:36.231 [main] ERROR org.example.dao.TrainingDAO - Error while finding all trainings
java.lang.IllegalArgumentException: org.hibernate.query.sqm.UnknownEntityException: Could not resolve root entity 'Training'
	at org.hibernate.internal.ExceptionConverterImpl.convert(ExceptionConverterImpl.java:138) ~[hibernate-core-6.2.8.Final.jar:6.2.8.Final]
	at org.hibernate.internal.ExceptionConverterImpl.convert(ExceptionConverterImpl.java:162) ~[hibernate-core-6.2.8.Final.jar:6.2.8.Final]
	at org.hibernate.internal.ExceptionConverterImpl.convert(ExceptionConverterImpl.java:168) ~[hibernate-core-6.2.8.Final.jar:6.2.8.Final]
	at org.hibernate.internal.AbstractSharedSessionContract.createQuery(AbstractSharedSessionContract.java:795) ~[hibernate-core-6.2.8.Final.jar:6.2.8.Final]
	at org.hibernate.internal.AbstractSharedSessionContract.createQuery(AbstractSharedSessionContract.java:120) ~[hibernate-core-6.2.8.Final.jar:6.2.8.Final]
	at org.example.dao.TrainingDAO.getAllTrainings(TrainingDAO.java:117) [classes/:?]
	at org.example.service.TrainingService.getAllTrainings(TrainingService.java:46) [classes/:?]
	at org.example.facade.GymFacade.readTrainings(GymFacade.java:46) [classes/:?]
	at org.example.App.main(App.java:14) [classes/:?]
Caused by: org.hibernate.query.sqm.UnknownEntityException: Could not resolve root entity 'Training'
	at org.hibernate.query.hql.internal.SemanticQueryBuilder.visitRootEntity(SemanticQueryBuilder.java:1960) ~[hibernate-core-6.2.8.Final.jar:6.2.8.Final]
	at org.hibernate.query.hql.internal.SemanticQueryBuilder.visitRootEntity(SemanticQueryBuilder.java:253) ~[hibernate-core-6.2.8.Final.jar:6.2.8.Final]
	at org.hibernate.grammars.hql.HqlParser$RootEntityContext.accept(HqlParser.java:2473) ~[hibernate-core-6.2.8.Final.jar:6.2.8.Final]
	at org.hibernate.query.hql.internal.SemanticQueryBuilder.visitEntityWithJoins(SemanticQueryBuilder.java:1874) ~[hibernate-core-6.2.8.Final.jar:6.2.8.Final]
	at org.hibernate.query.hql.internal.SemanticQueryBuilder.visitFromClause(SemanticQueryBuilder.java:1865) ~[hibernate-core-6.2.8.Final.jar:6.2.8.Final]
	at org.hibernate.query.hql.internal.SemanticQueryBuilder.visitQuery(SemanticQueryBuilder.java:1141) ~[hibernate-core-6.2.8.Final.jar:6.2.8.Final]
	at org.hibernate.query.hql.internal.SemanticQueryBuilder.visitQuerySpecExpression(SemanticQueryBuilder.java:937) ~[hibernate-core-6.2.8.Final.jar:6.2.8.Final]
	at org.hibernate.query.hql.internal.SemanticQueryBuilder.visitQuerySpecExpression(SemanticQueryBuilder.java:253) ~[hibernate-core-6.2.8.Final.jar:6.2.8.Final]
	at org.hibernate.grammars.hql.HqlParser$QuerySpecExpressionContext.accept(HqlParser.java:1818) ~[hibernate-core-6.2.8.Final.jar:6.2.8.Final]
	at org.hibernate.query.hql.internal.SemanticQueryBuilder.visitSimpleQueryGroup(SemanticQueryBuilder.java:931) ~[hibernate-core-6.2.8.Final.jar:6.2.8.Final]
	at org.hibernate.query.hql.internal.SemanticQueryBuilder.visitSimpleQueryGroup(SemanticQueryBuilder.java:253) ~[hibernate-core-6.2.8.Final.jar:6.2.8.Final]
	at org.hibernate.grammars.hql.HqlParser$SimpleQueryGroupContext.accept(HqlParser.java:1711) ~[hibernate-core-6.2.8.Final.jar:6.2.8.Final]
	at org.hibernate.query.hql.internal.SemanticQueryBuilder.visitSelectStatement(SemanticQueryBuilder.java:418) ~[hibernate-core-6.2.8.Final.jar:6.2.8.Final]
	at org.hibernate.query.hql.internal.SemanticQueryBuilder.visitStatement(SemanticQueryBuilder.java:377) ~[hibernate-core-6.2.8.Final.jar:6.2.8.Final]
	at org.hibernate.query.hql.internal.SemanticQueryBuilder.buildSemanticModel(SemanticQueryBuilder.java:295) ~[hibernate-core-6.2.8.Final.jar:6.2.8.Final]
	at org.hibernate.query.hql.internal.StandardHqlTranslator.translate(StandardHqlTranslator.java:81) ~[hibernate-core-6.2.8.Final.jar:6.2.8.Final]
	at org.hibernate.query.internal.QueryInterpretationCacheStandardImpl.createHqlInterpretation(QueryInterpretationCacheStandardImpl.java:165) ~[hibernate-core-6.2.8.Final.jar:6.2.8.Final]
	at org.hibernate.query.internal.QueryInterpretationCacheStandardImpl.resolveHqlInterpretation(QueryInterpretationCacheStandardImpl.java:147) ~[hibernate-core-6.2.8.Final.jar:6.2.8.Final]
	at org.hibernate.internal.AbstractSharedSessionContract.interpretHql(AbstractSharedSessionContract.java:741) ~[hibernate-core-6.2.8.Final.jar:6.2.8.Final]
	at org.hibernate.internal.AbstractSharedSessionContract.createQuery(AbstractSharedSessionContract.java:786) ~[hibernate-core-6.2.8.Final.jar:6.2.8.Final]
	... 5 more
11:54:36.233 [main] INFO  org.example.service.TrainingService - Retrieved all Trainings: null
11:56:03.600 [main] INFO  org.hibernate.Version - HHH000412: Hibernate ORM core version 6.2.8.Final
11:56:03.608 [main] INFO  org.hibernate.cfg.Environment - HHH000406: Using bytecode reflection optimizer
11:56:04.464 [main] INFO  org.hibernate.bytecode.internal.BytecodeProviderInitiator - HHH000021: Bytecode provider name : bytebuddy
11:56:04.956 [main] INFO  org.hibernate.engine.transaction.jta.platform.internal.JtaPlatformInitiator - HHH000490: Using JtaPlatform implementation: [org.hibernate.engine.transaction.jta.platform.internal.NoJtaPlatform]
11:56:05.176 [main] INFO  org.example.facade.GymFacade - Reading trainees...
11:56:05.432 [main] ERROR org.example.dao.TraineeDAO - Error while finding all trainees
java.lang.IllegalArgumentException: org.hibernate.query.sqm.UnknownEntityException: Could not resolve root entity 'Trainee'
	at org.hibernate.internal.ExceptionConverterImpl.convert(ExceptionConverterImpl.java:138) ~[hibernate-core-6.2.8.Final.jar:6.2.8.Final]
	at org.hibernate.internal.ExceptionConverterImpl.convert(ExceptionConverterImpl.java:162) ~[hibernate-core-6.2.8.Final.jar:6.2.8.Final]
	at org.hibernate.internal.ExceptionConverterImpl.convert(ExceptionConverterImpl.java:168) ~[hibernate-core-6.2.8.Final.jar:6.2.8.Final]
	at org.hibernate.internal.AbstractSharedSessionContract.createQuery(AbstractSharedSessionContract.java:795) ~[hibernate-core-6.2.8.Final.jar:6.2.8.Final]
	at org.hibernate.internal.AbstractSharedSessionContract.createQuery(AbstractSharedSessionContract.java:120) ~[hibernate-core-6.2.8.Final.jar:6.2.8.Final]
	at org.example.dao.TraineeDAO.getAllTrainees(TraineeDAO.java:71) [classes/:?]
	at java.base/jdk.internal.reflect.NativeMethodAccessorImpl.invoke0(Native Method) ~[?:?]
	at java.base/jdk.internal.reflect.NativeMethodAccessorImpl.invoke(NativeMethodAccessorImpl.java:77) ~[?:?]
	at java.base/jdk.internal.reflect.DelegatingMethodAccessorImpl.invoke(DelegatingMethodAccessorImpl.java:43) ~[?:?]
	at java.base/java.lang.reflect.Method.invoke(Method.java:568) ~[?:?]
	at org.springframework.aop.support.AopUtils.invokeJoinpointUsingReflection(AopUtils.java:343) [spring-aop-6.0.13.jar:6.0.13]
	at org.springframework.aop.framework.ReflectiveMethodInvocation.invokeJoinpoint(ReflectiveMethodInvocation.java:196) [spring-aop-6.0.13.jar:6.0.13]
	at org.springframework.aop.framework.ReflectiveMethodInvocation.proceed(ReflectiveMethodInvocation.java:163) [spring-aop-6.0.13.jar:6.0.13]
	at org.springframework.aop.framework.CglibAopProxy$CglibMethodInvocation.proceed(CglibAopProxy.java:751) [spring-aop-6.0.13.jar:6.0.13]
	at org.springframework.transaction.interceptor.TransactionInterceptor$1.proceedWithInvocation(TransactionInterceptor.java:123) [spring-tx-6.0.11.jar:6.0.11]
	at org.springframework.transaction.interceptor.TransactionAspectSupport.invokeWithinTransaction(TransactionAspectSupport.java:391) [spring-tx-6.0.11.jar:6.0.11]
	at org.springframework.transaction.interceptor.TransactionInterceptor.invoke(TransactionInterceptor.java:119) [spring-tx-6.0.11.jar:6.0.11]
	at org.springframework.aop.framework.ReflectiveMethodInvocation.proceed(ReflectiveMethodInvocation.java:184) [spring-aop-6.0.13.jar:6.0.13]
	at org.springframework.aop.framework.CglibAopProxy$CglibMethodInvocation.proceed(CglibAopProxy.java:751) [spring-aop-6.0.13.jar:6.0.13]
	at org.springframework.aop.framework.CglibAopProxy$DynamicAdvisedInterceptor.intercept(CglibAopProxy.java:703) [spring-aop-6.0.13.jar:6.0.13]
	at org.example.dao.TraineeDAO$$SpringCGLIB$$0.getAllTrainees(<generated>) [classes/:?]
	at org.example.service.TraineeService.getAllTrainees(TraineeService.java:69) [classes/:?]
	at org.example.facade.GymFacade.readTrainees(GymFacade.java:36) [classes/:?]
	at org.example.App.main(App.java:12) [classes/:?]
Caused by: org.hibernate.query.sqm.UnknownEntityException: Could not resolve root entity 'Trainee'
	at org.hibernate.query.hql.internal.SemanticQueryBuilder.visitRootEntity(SemanticQueryBuilder.java:1960) ~[hibernate-core-6.2.8.Final.jar:6.2.8.Final]
	at org.hibernate.query.hql.internal.SemanticQueryBuilder.visitRootEntity(SemanticQueryBuilder.java:253) ~[hibernate-core-6.2.8.Final.jar:6.2.8.Final]
	at org.hibernate.grammars.hql.HqlParser$RootEntityContext.accept(HqlParser.java:2473) ~[hibernate-core-6.2.8.Final.jar:6.2.8.Final]
	at org.hibernate.query.hql.internal.SemanticQueryBuilder.visitEntityWithJoins(SemanticQueryBuilder.java:1874) ~[hibernate-core-6.2.8.Final.jar:6.2.8.Final]
	at org.hibernate.query.hql.internal.SemanticQueryBuilder.visitFromClause(SemanticQueryBuilder.java:1865) ~[hibernate-core-6.2.8.Final.jar:6.2.8.Final]
	at org.hibernate.query.hql.internal.SemanticQueryBuilder.visitQuery(SemanticQueryBuilder.java:1141) ~[hibernate-core-6.2.8.Final.jar:6.2.8.Final]
	at org.hibernate.query.hql.internal.SemanticQueryBuilder.visitQuerySpecExpression(SemanticQueryBuilder.java:937) ~[hibernate-core-6.2.8.Final.jar:6.2.8.Final]
	at org.hibernate.query.hql.internal.SemanticQueryBuilder.visitQuerySpecExpression(SemanticQueryBuilder.java:253) ~[hibernate-core-6.2.8.Final.jar:6.2.8.Final]
	at org.hibernate.grammars.hql.HqlParser$QuerySpecExpressionContext.accept(HqlParser.java:1818) ~[hibernate-core-6.2.8.Final.jar:6.2.8.Final]
	at org.hibernate.query.hql.internal.SemanticQueryBuilder.visitSimpleQueryGroup(SemanticQueryBuilder.java:931) ~[hibernate-core-6.2.8.Final.jar:6.2.8.Final]
	at org.hibernate.query.hql.internal.SemanticQueryBuilder.visitSimpleQueryGroup(SemanticQueryBuilder.java:253) ~[hibernate-core-6.2.8.Final.jar:6.2.8.Final]
	at org.hibernate.grammars.hql.HqlParser$SimpleQueryGroupContext.accept(HqlParser.java:1711) ~[hibernate-core-6.2.8.Final.jar:6.2.8.Final]
	at org.hibernate.query.hql.internal.SemanticQueryBuilder.visitSelectStatement(SemanticQueryBuilder.java:418) ~[hibernate-core-6.2.8.Final.jar:6.2.8.Final]
	at org.hibernate.query.hql.internal.SemanticQueryBuilder.visitStatement(SemanticQueryBuilder.java:377) ~[hibernate-core-6.2.8.Final.jar:6.2.8.Final]
	at org.hibernate.query.hql.internal.SemanticQueryBuilder.buildSemanticModel(SemanticQueryBuilder.java:295) ~[hibernate-core-6.2.8.Final.jar:6.2.8.Final]
	at org.hibernate.query.hql.internal.StandardHqlTranslator.translate(StandardHqlTranslator.java:81) ~[hibernate-core-6.2.8.Final.jar:6.2.8.Final]
	at org.hibernate.query.internal.QueryInterpretationCacheStandardImpl.createHqlInterpretation(QueryInterpretationCacheStandardImpl.java:165) ~[hibernate-core-6.2.8.Final.jar:6.2.8.Final]
	at org.hibernate.query.internal.QueryInterpretationCacheStandardImpl.resolveHqlInterpretation(QueryInterpretationCacheStandardImpl.java:147) ~[hibernate-core-6.2.8.Final.jar:6.2.8.Final]
	at org.hibernate.internal.AbstractSharedSessionContract.interpretHql(AbstractSharedSessionContract.java:741) ~[hibernate-core-6.2.8.Final.jar:6.2.8.Final]
	at org.hibernate.internal.AbstractSharedSessionContract.createQuery(AbstractSharedSessionContract.java:786) ~[hibernate-core-6.2.8.Final.jar:6.2.8.Final]
	... 20 more
11:59:12.087 [main] INFO  org.hibernate.Version - HHH000412: Hibernate ORM core version 6.2.8.Final
11:59:12.094 [main] INFO  org.hibernate.cfg.Environment - HHH000406: Using bytecode reflection optimizer
11:59:12.902 [main] INFO  org.hibernate.bytecode.internal.BytecodeProviderInitiator - HHH000021: Bytecode provider name : bytebuddy
11:59:13.393 [main] INFO  org.hibernate.engine.transaction.jta.platform.internal.JtaPlatformInitiator - HHH000490: Using JtaPlatform implementation: [org.hibernate.engine.transaction.jta.platform.internal.NoJtaPlatform]
11:59:13.543 [main] INFO  org.example.facade.GymFacade - Reading trainees...
11:59:13.751 [main] ERROR org.example.dao.TraineeDAO - Error while finding all trainees
java.lang.IllegalArgumentException: org.hibernate.query.sqm.UnknownEntityException: Could not resolve root entity 'Trainee'
	at org.hibernate.internal.ExceptionConverterImpl.convert(ExceptionConverterImpl.java:138) ~[hibernate-core-6.2.8.Final.jar:6.2.8.Final]
	at org.hibernate.internal.ExceptionConverterImpl.convert(ExceptionConverterImpl.java:162) ~[hibernate-core-6.2.8.Final.jar:6.2.8.Final]
	at org.hibernate.internal.ExceptionConverterImpl.convert(ExceptionConverterImpl.java:168) ~[hibernate-core-6.2.8.Final.jar:6.2.8.Final]
	at org.hibernate.internal.AbstractSharedSessionContract.createQuery(AbstractSharedSessionContract.java:795) ~[hibernate-core-6.2.8.Final.jar:6.2.8.Final]
	at org.hibernate.internal.AbstractSharedSessionContract.createQuery(AbstractSharedSessionContract.java:120) ~[hibernate-core-6.2.8.Final.jar:6.2.8.Final]
	at org.example.dao.TraineeDAO.getAllTrainees(TraineeDAO.java:71) [classes/:?]
	at java.base/jdk.internal.reflect.NativeMethodAccessorImpl.invoke0(Native Method) ~[?:?]
	at java.base/jdk.internal.reflect.NativeMethodAccessorImpl.invoke(NativeMethodAccessorImpl.java:77) ~[?:?]
	at java.base/jdk.internal.reflect.DelegatingMethodAccessorImpl.invoke(DelegatingMethodAccessorImpl.java:43) ~[?:?]
	at java.base/java.lang.reflect.Method.invoke(Method.java:568) ~[?:?]
	at org.springframework.aop.support.AopUtils.invokeJoinpointUsingReflection(AopUtils.java:343) [spring-aop-6.0.13.jar:6.0.13]
	at org.springframework.aop.framework.ReflectiveMethodInvocation.invokeJoinpoint(ReflectiveMethodInvocation.java:196) [spring-aop-6.0.13.jar:6.0.13]
	at org.springframework.aop.framework.ReflectiveMethodInvocation.proceed(ReflectiveMethodInvocation.java:163) [spring-aop-6.0.13.jar:6.0.13]
	at org.springframework.aop.framework.CglibAopProxy$CglibMethodInvocation.proceed(CglibAopProxy.java:751) [spring-aop-6.0.13.jar:6.0.13]
	at org.springframework.transaction.interceptor.TransactionInterceptor$1.proceedWithInvocation(TransactionInterceptor.java:123) [spring-tx-6.0.11.jar:6.0.11]
	at org.springframework.transaction.interceptor.TransactionAspectSupport.invokeWithinTransaction(TransactionAspectSupport.java:391) [spring-tx-6.0.11.jar:6.0.11]
	at org.springframework.transaction.interceptor.TransactionInterceptor.invoke(TransactionInterceptor.java:119) [spring-tx-6.0.11.jar:6.0.11]
	at org.springframework.aop.framework.ReflectiveMethodInvocation.proceed(ReflectiveMethodInvocation.java:184) [spring-aop-6.0.13.jar:6.0.13]
	at org.springframework.aop.framework.CglibAopProxy$CglibMethodInvocation.proceed(CglibAopProxy.java:751) [spring-aop-6.0.13.jar:6.0.13]
	at org.springframework.aop.framework.CglibAopProxy$DynamicAdvisedInterceptor.intercept(CglibAopProxy.java:703) [spring-aop-6.0.13.jar:6.0.13]
	at org.example.dao.TraineeDAO$$SpringCGLIB$$0.getAllTrainees(<generated>) [classes/:?]
	at org.example.service.TraineeService.getAllTrainees(TraineeService.java:69) [classes/:?]
	at org.example.facade.GymFacade.readTrainees(GymFacade.java:36) [classes/:?]
	at org.example.App.main(App.java:12) [classes/:?]
Caused by: org.hibernate.query.sqm.UnknownEntityException: Could not resolve root entity 'Trainee'
	at org.hibernate.query.hql.internal.SemanticQueryBuilder.visitRootEntity(SemanticQueryBuilder.java:1960) ~[hibernate-core-6.2.8.Final.jar:6.2.8.Final]
	at org.hibernate.query.hql.internal.SemanticQueryBuilder.visitRootEntity(SemanticQueryBuilder.java:253) ~[hibernate-core-6.2.8.Final.jar:6.2.8.Final]
	at org.hibernate.grammars.hql.HqlParser$RootEntityContext.accept(HqlParser.java:2473) ~[hibernate-core-6.2.8.Final.jar:6.2.8.Final]
	at org.hibernate.query.hql.internal.SemanticQueryBuilder.visitEntityWithJoins(SemanticQueryBuilder.java:1874) ~[hibernate-core-6.2.8.Final.jar:6.2.8.Final]
	at org.hibernate.query.hql.internal.SemanticQueryBuilder.visitFromClause(SemanticQueryBuilder.java:1865) ~[hibernate-core-6.2.8.Final.jar:6.2.8.Final]
	at org.hibernate.query.hql.internal.SemanticQueryBuilder.visitQuery(SemanticQueryBuilder.java:1141) ~[hibernate-core-6.2.8.Final.jar:6.2.8.Final]
	at org.hibernate.query.hql.internal.SemanticQueryBuilder.visitQuerySpecExpression(SemanticQueryBuilder.java:937) ~[hibernate-core-6.2.8.Final.jar:6.2.8.Final]
	at org.hibernate.query.hql.internal.SemanticQueryBuilder.visitQuerySpecExpression(SemanticQueryBuilder.java:253) ~[hibernate-core-6.2.8.Final.jar:6.2.8.Final]
	at org.hibernate.grammars.hql.HqlParser$QuerySpecExpressionContext.accept(HqlParser.java:1818) ~[hibernate-core-6.2.8.Final.jar:6.2.8.Final]
	at org.hibernate.query.hql.internal.SemanticQueryBuilder.visitSimpleQueryGroup(SemanticQueryBuilder.java:931) ~[hibernate-core-6.2.8.Final.jar:6.2.8.Final]
	at org.hibernate.query.hql.internal.SemanticQueryBuilder.visitSimpleQueryGroup(SemanticQueryBuilder.java:253) ~[hibernate-core-6.2.8.Final.jar:6.2.8.Final]
	at org.hibernate.grammars.hql.HqlParser$SimpleQueryGroupContext.accept(HqlParser.java:1711) ~[hibernate-core-6.2.8.Final.jar:6.2.8.Final]
	at org.hibernate.query.hql.internal.SemanticQueryBuilder.visitSelectStatement(SemanticQueryBuilder.java:418) ~[hibernate-core-6.2.8.Final.jar:6.2.8.Final]
	at org.hibernate.query.hql.internal.SemanticQueryBuilder.visitStatement(SemanticQueryBuilder.java:377) ~[hibernate-core-6.2.8.Final.jar:6.2.8.Final]
	at org.hibernate.query.hql.internal.SemanticQueryBuilder.buildSemanticModel(SemanticQueryBuilder.java:295) ~[hibernate-core-6.2.8.Final.jar:6.2.8.Final]
	at org.hibernate.query.hql.internal.StandardHqlTranslator.translate(StandardHqlTranslator.java:81) ~[hibernate-core-6.2.8.Final.jar:6.2.8.Final]
	at org.hibernate.query.internal.QueryInterpretationCacheStandardImpl.createHqlInterpretation(QueryInterpretationCacheStandardImpl.java:165) ~[hibernate-core-6.2.8.Final.jar:6.2.8.Final]
	at org.hibernate.query.internal.QueryInterpretationCacheStandardImpl.resolveHqlInterpretation(QueryInterpretationCacheStandardImpl.java:147) ~[hibernate-core-6.2.8.Final.jar:6.2.8.Final]
	at org.hibernate.internal.AbstractSharedSessionContract.interpretHql(AbstractSharedSessionContract.java:741) ~[hibernate-core-6.2.8.Final.jar:6.2.8.Final]
	at org.hibernate.internal.AbstractSharedSessionContract.createQuery(AbstractSharedSessionContract.java:786) ~[hibernate-core-6.2.8.Final.jar:6.2.8.Final]
	... 20 more
12:40:46.562 [main] INFO  org.hibernate.Version - HHH000412: Hibernate ORM core version 6.2.8.Final
12:40:46.570 [main] INFO  org.hibernate.cfg.Environment - HHH000406: Using bytecode reflection optimizer
12:40:47.559 [main] INFO  org.hibernate.bytecode.internal.BytecodeProviderInitiator - HHH000021: Bytecode provider name : bytebuddy
12:40:47.994 [main] INFO  org.hibernate.engine.transaction.jta.platform.internal.JtaPlatformInitiator - HHH000490: Using JtaPlatform implementation: [org.hibernate.engine.transaction.jta.platform.internal.NoJtaPlatform]
12:40:48.126 [main] INFO  org.example.facade.GymFacade - Reading trainees...
12:40:48.335 [main] ERROR org.example.dao.TraineeDAO - Error while finding all trainees
java.lang.IllegalArgumentException: org.hibernate.query.sqm.UnknownEntityException: Could not resolve root entity 'Trainee'
	at org.hibernate.internal.ExceptionConverterImpl.convert(ExceptionConverterImpl.java:138) ~[hibernate-core-6.2.8.Final.jar:6.2.8.Final]
	at org.hibernate.internal.ExceptionConverterImpl.convert(ExceptionConverterImpl.java:162) ~[hibernate-core-6.2.8.Final.jar:6.2.8.Final]
	at org.hibernate.internal.ExceptionConverterImpl.convert(ExceptionConverterImpl.java:168) ~[hibernate-core-6.2.8.Final.jar:6.2.8.Final]
	at org.hibernate.internal.AbstractSharedSessionContract.createQuery(AbstractSharedSessionContract.java:795) ~[hibernate-core-6.2.8.Final.jar:6.2.8.Final]
	at org.hibernate.internal.AbstractSharedSessionContract.createQuery(AbstractSharedSessionContract.java:120) ~[hibernate-core-6.2.8.Final.jar:6.2.8.Final]
	at org.example.dao.TraineeDAO.getAllTrainees(TraineeDAO.java:71) [classes/:?]
	at java.base/jdk.internal.reflect.NativeMethodAccessorImpl.invoke0(Native Method) ~[?:?]
	at java.base/jdk.internal.reflect.NativeMethodAccessorImpl.invoke(NativeMethodAccessorImpl.java:77) ~[?:?]
	at java.base/jdk.internal.reflect.DelegatingMethodAccessorImpl.invoke(DelegatingMethodAccessorImpl.java:43) ~[?:?]
	at java.base/java.lang.reflect.Method.invoke(Method.java:568) ~[?:?]
	at org.springframework.aop.support.AopUtils.invokeJoinpointUsingReflection(AopUtils.java:343) [spring-aop-6.0.13.jar:6.0.13]
	at org.springframework.aop.framework.ReflectiveMethodInvocation.invokeJoinpoint(ReflectiveMethodInvocation.java:196) [spring-aop-6.0.13.jar:6.0.13]
	at org.springframework.aop.framework.ReflectiveMethodInvocation.proceed(ReflectiveMethodInvocation.java:163) [spring-aop-6.0.13.jar:6.0.13]
	at org.springframework.aop.framework.CglibAopProxy$CglibMethodInvocation.proceed(CglibAopProxy.java:751) [spring-aop-6.0.13.jar:6.0.13]
	at org.springframework.transaction.interceptor.TransactionInterceptor$1.proceedWithInvocation(TransactionInterceptor.java:123) [spring-tx-6.0.11.jar:6.0.11]
	at org.springframework.transaction.interceptor.TransactionAspectSupport.invokeWithinTransaction(TransactionAspectSupport.java:391) [spring-tx-6.0.11.jar:6.0.11]
	at org.springframework.transaction.interceptor.TransactionInterceptor.invoke(TransactionInterceptor.java:119) [spring-tx-6.0.11.jar:6.0.11]
	at org.springframework.aop.framework.ReflectiveMethodInvocation.proceed(ReflectiveMethodInvocation.java:184) [spring-aop-6.0.13.jar:6.0.13]
	at org.springframework.aop.framework.CglibAopProxy$CglibMethodInvocation.proceed(CglibAopProxy.java:751) [spring-aop-6.0.13.jar:6.0.13]
	at org.springframework.aop.framework.CglibAopProxy$DynamicAdvisedInterceptor.intercept(CglibAopProxy.java:703) [spring-aop-6.0.13.jar:6.0.13]
	at org.example.dao.TraineeDAO$$SpringCGLIB$$0.getAllTrainees(<generated>) [classes/:?]
	at org.example.service.TraineeService.getAllTrainees(TraineeService.java:69) [classes/:?]
	at org.example.facade.GymFacade.readTrainees(GymFacade.java:36) [classes/:?]
	at org.example.App.main(App.java:12) [classes/:?]
Caused by: org.hibernate.query.sqm.UnknownEntityException: Could not resolve root entity 'Trainee'
	at org.hibernate.query.hql.internal.SemanticQueryBuilder.visitRootEntity(SemanticQueryBuilder.java:1960) ~[hibernate-core-6.2.8.Final.jar:6.2.8.Final]
	at org.hibernate.query.hql.internal.SemanticQueryBuilder.visitRootEntity(SemanticQueryBuilder.java:253) ~[hibernate-core-6.2.8.Final.jar:6.2.8.Final]
	at org.hibernate.grammars.hql.HqlParser$RootEntityContext.accept(HqlParser.java:2473) ~[hibernate-core-6.2.8.Final.jar:6.2.8.Final]
	at org.hibernate.query.hql.internal.SemanticQueryBuilder.visitEntityWithJoins(SemanticQueryBuilder.java:1874) ~[hibernate-core-6.2.8.Final.jar:6.2.8.Final]
	at org.hibernate.query.hql.internal.SemanticQueryBuilder.visitFromClause(SemanticQueryBuilder.java:1865) ~[hibernate-core-6.2.8.Final.jar:6.2.8.Final]
	at org.hibernate.query.hql.internal.SemanticQueryBuilder.visitQuery(SemanticQueryBuilder.java:1141) ~[hibernate-core-6.2.8.Final.jar:6.2.8.Final]
	at org.hibernate.query.hql.internal.SemanticQueryBuilder.visitQuerySpecExpression(SemanticQueryBuilder.java:937) ~[hibernate-core-6.2.8.Final.jar:6.2.8.Final]
	at org.hibernate.query.hql.internal.SemanticQueryBuilder.visitQuerySpecExpression(SemanticQueryBuilder.java:253) ~[hibernate-core-6.2.8.Final.jar:6.2.8.Final]
	at org.hibernate.grammars.hql.HqlParser$QuerySpecExpressionContext.accept(HqlParser.java:1818) ~[hibernate-core-6.2.8.Final.jar:6.2.8.Final]
	at org.hibernate.query.hql.internal.SemanticQueryBuilder.visitSimpleQueryGroup(SemanticQueryBuilder.java:931) ~[hibernate-core-6.2.8.Final.jar:6.2.8.Final]
	at org.hibernate.query.hql.internal.SemanticQueryBuilder.visitSimpleQueryGroup(SemanticQueryBuilder.java:253) ~[hibernate-core-6.2.8.Final.jar:6.2.8.Final]
	at org.hibernate.grammars.hql.HqlParser$SimpleQueryGroupContext.accept(HqlParser.java:1711) ~[hibernate-core-6.2.8.Final.jar:6.2.8.Final]
	at org.hibernate.query.hql.internal.SemanticQueryBuilder.visitSelectStatement(SemanticQueryBuilder.java:418) ~[hibernate-core-6.2.8.Final.jar:6.2.8.Final]
	at org.hibernate.query.hql.internal.SemanticQueryBuilder.visitStatement(SemanticQueryBuilder.java:377) ~[hibernate-core-6.2.8.Final.jar:6.2.8.Final]
	at org.hibernate.query.hql.internal.SemanticQueryBuilder.buildSemanticModel(SemanticQueryBuilder.java:295) ~[hibernate-core-6.2.8.Final.jar:6.2.8.Final]
	at org.hibernate.query.hql.internal.StandardHqlTranslator.translate(StandardHqlTranslator.java:81) ~[hibernate-core-6.2.8.Final.jar:6.2.8.Final]
	at org.hibernate.query.internal.QueryInterpretationCacheStandardImpl.createHqlInterpretation(QueryInterpretationCacheStandardImpl.java:165) ~[hibernate-core-6.2.8.Final.jar:6.2.8.Final]
	at org.hibernate.query.internal.QueryInterpretationCacheStandardImpl.resolveHqlInterpretation(QueryInterpretationCacheStandardImpl.java:147) ~[hibernate-core-6.2.8.Final.jar:6.2.8.Final]
	at org.hibernate.internal.AbstractSharedSessionContract.interpretHql(AbstractSharedSessionContract.java:741) ~[hibernate-core-6.2.8.Final.jar:6.2.8.Final]
	at org.hibernate.internal.AbstractSharedSessionContract.createQuery(AbstractSharedSessionContract.java:786) ~[hibernate-core-6.2.8.Final.jar:6.2.8.Final]
	... 20 more
12:43:33.515 [main] INFO  org.hibernate.Version - HHH000412: Hibernate ORM core version 6.2.8.Final
12:43:33.523 [main] INFO  org.hibernate.cfg.Environment - HHH000406: Using bytecode reflection optimizer
12:43:34.442 [main] INFO  org.hibernate.bytecode.internal.BytecodeProviderInitiator - HHH000021: Bytecode provider name : bytebuddy
12:43:34.883 [main] INFO  org.hibernate.engine.transaction.jta.platform.internal.JtaPlatformInitiator - HHH000490: Using JtaPlatform implementation: [org.hibernate.engine.transaction.jta.platform.internal.NoJtaPlatform]
12:43:35.012 [main] INFO  org.example.facade.GymFacade - Reading trainees...
12:43:35.334 [main] ERROR org.example.dao.TraineeDAO - Error while finding all trainees
java.lang.IllegalArgumentException: org.hibernate.query.sqm.UnknownEntityException: Could not resolve root entity 'Trainee'
	at org.hibernate.internal.ExceptionConverterImpl.convert(ExceptionConverterImpl.java:138) ~[hibernate-core-6.2.8.Final.jar:6.2.8.Final]
	at org.hibernate.internal.ExceptionConverterImpl.convert(ExceptionConverterImpl.java:162) ~[hibernate-core-6.2.8.Final.jar:6.2.8.Final]
	at org.hibernate.internal.ExceptionConverterImpl.convert(ExceptionConverterImpl.java:168) ~[hibernate-core-6.2.8.Final.jar:6.2.8.Final]
	at org.hibernate.internal.AbstractSharedSessionContract.createQuery(AbstractSharedSessionContract.java:795) ~[hibernate-core-6.2.8.Final.jar:6.2.8.Final]
	at org.hibernate.internal.AbstractSharedSessionContract.createQuery(AbstractSharedSessionContract.java:120) ~[hibernate-core-6.2.8.Final.jar:6.2.8.Final]
	at org.example.dao.TraineeDAO.getAllTrainees(TraineeDAO.java:71) [classes/:?]
	at java.base/jdk.internal.reflect.NativeMethodAccessorImpl.invoke0(Native Method) ~[?:?]
	at java.base/jdk.internal.reflect.NativeMethodAccessorImpl.invoke(NativeMethodAccessorImpl.java:77) ~[?:?]
	at java.base/jdk.internal.reflect.DelegatingMethodAccessorImpl.invoke(DelegatingMethodAccessorImpl.java:43) ~[?:?]
	at java.base/java.lang.reflect.Method.invoke(Method.java:568) ~[?:?]
	at org.springframework.aop.support.AopUtils.invokeJoinpointUsingReflection(AopUtils.java:343) [spring-aop-6.0.13.jar:6.0.13]
	at org.springframework.aop.framework.ReflectiveMethodInvocation.invokeJoinpoint(ReflectiveMethodInvocation.java:196) [spring-aop-6.0.13.jar:6.0.13]
	at org.springframework.aop.framework.ReflectiveMethodInvocation.proceed(ReflectiveMethodInvocation.java:163) [spring-aop-6.0.13.jar:6.0.13]
	at org.springframework.aop.framework.CglibAopProxy$CglibMethodInvocation.proceed(CglibAopProxy.java:751) [spring-aop-6.0.13.jar:6.0.13]
	at org.springframework.transaction.interceptor.TransactionInterceptor$1.proceedWithInvocation(TransactionInterceptor.java:123) [spring-tx-6.0.11.jar:6.0.11]
	at org.springframework.transaction.interceptor.TransactionAspectSupport.invokeWithinTransaction(TransactionAspectSupport.java:391) [spring-tx-6.0.11.jar:6.0.11]
	at org.springframework.transaction.interceptor.TransactionInterceptor.invoke(TransactionInterceptor.java:119) [spring-tx-6.0.11.jar:6.0.11]
	at org.springframework.aop.framework.ReflectiveMethodInvocation.proceed(ReflectiveMethodInvocation.java:184) [spring-aop-6.0.13.jar:6.0.13]
	at org.springframework.aop.framework.CglibAopProxy$CglibMethodInvocation.proceed(CglibAopProxy.java:751) [spring-aop-6.0.13.jar:6.0.13]
	at org.springframework.aop.framework.CglibAopProxy$DynamicAdvisedInterceptor.intercept(CglibAopProxy.java:703) [spring-aop-6.0.13.jar:6.0.13]
	at org.example.dao.TraineeDAO$$SpringCGLIB$$0.getAllTrainees(<generated>) [classes/:?]
	at org.example.service.TraineeService.getAllTrainees(TraineeService.java:69) [classes/:?]
	at org.example.facade.GymFacade.readTrainees(GymFacade.java:36) [classes/:?]
	at org.example.App.main(App.java:12) [classes/:?]
Caused by: org.hibernate.query.sqm.UnknownEntityException: Could not resolve root entity 'Trainee'
	at org.hibernate.query.hql.internal.SemanticQueryBuilder.visitRootEntity(SemanticQueryBuilder.java:1960) ~[hibernate-core-6.2.8.Final.jar:6.2.8.Final]
	at org.hibernate.query.hql.internal.SemanticQueryBuilder.visitRootEntity(SemanticQueryBuilder.java:253) ~[hibernate-core-6.2.8.Final.jar:6.2.8.Final]
	at org.hibernate.grammars.hql.HqlParser$RootEntityContext.accept(HqlParser.java:2473) ~[hibernate-core-6.2.8.Final.jar:6.2.8.Final]
	at org.hibernate.query.hql.internal.SemanticQueryBuilder.visitEntityWithJoins(SemanticQueryBuilder.java:1874) ~[hibernate-core-6.2.8.Final.jar:6.2.8.Final]
	at org.hibernate.query.hql.internal.SemanticQueryBuilder.visitFromClause(SemanticQueryBuilder.java:1865) ~[hibernate-core-6.2.8.Final.jar:6.2.8.Final]
	at org.hibernate.query.hql.internal.SemanticQueryBuilder.visitQuery(SemanticQueryBuilder.java:1141) ~[hibernate-core-6.2.8.Final.jar:6.2.8.Final]
	at org.hibernate.query.hql.internal.SemanticQueryBuilder.visitQuerySpecExpression(SemanticQueryBuilder.java:937) ~[hibernate-core-6.2.8.Final.jar:6.2.8.Final]
	at org.hibernate.query.hql.internal.SemanticQueryBuilder.visitQuerySpecExpression(SemanticQueryBuilder.java:253) ~[hibernate-core-6.2.8.Final.jar:6.2.8.Final]
	at org.hibernate.grammars.hql.HqlParser$QuerySpecExpressionContext.accept(HqlParser.java:1818) ~[hibernate-core-6.2.8.Final.jar:6.2.8.Final]
	at org.hibernate.query.hql.internal.SemanticQueryBuilder.visitSimpleQueryGroup(SemanticQueryBuilder.java:931) ~[hibernate-core-6.2.8.Final.jar:6.2.8.Final]
	at org.hibernate.query.hql.internal.SemanticQueryBuilder.visitSimpleQueryGroup(SemanticQueryBuilder.java:253) ~[hibernate-core-6.2.8.Final.jar:6.2.8.Final]
	at org.hibernate.grammars.hql.HqlParser$SimpleQueryGroupContext.accept(HqlParser.java:1711) ~[hibernate-core-6.2.8.Final.jar:6.2.8.Final]
	at org.hibernate.query.hql.internal.SemanticQueryBuilder.visitSelectStatement(SemanticQueryBuilder.java:418) ~[hibernate-core-6.2.8.Final.jar:6.2.8.Final]
	at org.hibernate.query.hql.internal.SemanticQueryBuilder.visitStatement(SemanticQueryBuilder.java:377) ~[hibernate-core-6.2.8.Final.jar:6.2.8.Final]
	at org.hibernate.query.hql.internal.SemanticQueryBuilder.buildSemanticModel(SemanticQueryBuilder.java:295) ~[hibernate-core-6.2.8.Final.jar:6.2.8.Final]
	at org.hibernate.query.hql.internal.StandardHqlTranslator.translate(StandardHqlTranslator.java:81) ~[hibernate-core-6.2.8.Final.jar:6.2.8.Final]
	at org.hibernate.query.internal.QueryInterpretationCacheStandardImpl.createHqlInterpretation(QueryInterpretationCacheStandardImpl.java:165) ~[hibernate-core-6.2.8.Final.jar:6.2.8.Final]
	at org.hibernate.query.internal.QueryInterpretationCacheStandardImpl.resolveHqlInterpretation(QueryInterpretationCacheStandardImpl.java:147) ~[hibernate-core-6.2.8.Final.jar:6.2.8.Final]
	at org.hibernate.internal.AbstractSharedSessionContract.interpretHql(AbstractSharedSessionContract.java:741) ~[hibernate-core-6.2.8.Final.jar:6.2.8.Final]
	at org.hibernate.internal.AbstractSharedSessionContract.createQuery(AbstractSharedSessionContract.java:786) ~[hibernate-core-6.2.8.Final.jar:6.2.8.Final]
	... 20 more
12:45:00.626 [main] INFO  org.hibernate.Version - HHH000412: Hibernate ORM core version 6.2.8.Final
12:45:00.635 [main] INFO  org.hibernate.cfg.Environment - HHH000406: Using bytecode reflection optimizer
12:45:01.871 [main] WARN  org.springframework.context.annotation.AnnotationConfigApplicationContext - Exception encountered during context initialization - cancelling refresh attempt: org.springframework.beans.factory.UnsatisfiedDependencyException: Error creating bean with name 'traineeDAO' defined in org.example.config.AppConfig: Unsatisfied dependency expressed through method 'traineeDAO' parameter 0: Error creating bean with name 'sessionFactory' defined in class path resource [org/example/config/HibernateConfig.class]: Cannot invoke "org.hibernate.mapping.ToOne.getReferencedEntityName()" because "toOne" is null
12:45:25.672 [main] INFO  org.hibernate.Version - HHH000412: Hibernate ORM core version 6.2.8.Final
12:45:25.679 [main] INFO  org.hibernate.cfg.Environment - HHH000406: Using bytecode reflection optimizer
12:45:26.789 [main] WARN  org.springframework.context.annotation.AnnotationConfigApplicationContext - Exception encountered during context initialization - cancelling refresh attempt: org.springframework.beans.factory.UnsatisfiedDependencyException: Error creating bean with name 'traineeDAO' defined in org.example.config.AppConfig: Unsatisfied dependency expressed through method 'traineeDAO' parameter 0: Error creating bean with name 'sessionFactory' defined in class path resource [org/example/config/HibernateConfig.class]: Cannot invoke "org.hibernate.mapping.ToOne.getReferencedEntityName()" because "toOne" is null
12:45:33.723 [main] INFO  org.hibernate.Version - HHH000412: Hibernate ORM core version 6.2.8.Final
12:45:33.730 [main] INFO  org.hibernate.cfg.Environment - HHH000406: Using bytecode reflection optimizer
12:45:34.761 [main] WARN  org.springframework.context.annotation.AnnotationConfigApplicationContext - Exception encountered during context initialization - cancelling refresh attempt: org.springframework.beans.factory.UnsatisfiedDependencyException: Error creating bean with name 'traineeDAO' defined in org.example.config.AppConfig: Unsatisfied dependency expressed through method 'traineeDAO' parameter 0: Error creating bean with name 'sessionFactory' defined in class path resource [org/example/config/HibernateConfig.class]: Cannot invoke "org.hibernate.mapping.ToOne.getReferencedEntityName()" because "toOne" is null
12:45:55.265 [main] INFO  org.hibernate.Version - HHH000412: Hibernate ORM core version 6.2.8.Final
12:45:55.271 [main] INFO  org.hibernate.cfg.Environment - HHH000406: Using bytecode reflection optimizer
12:46:01.575 [main] WARN  org.springframework.context.annotation.AnnotationConfigApplicationContext - Exception encountered during context initialization - cancelling refresh attempt: org.springframework.beans.factory.UnsatisfiedDependencyException: Error creating bean with name 'traineeDAO' defined in org.example.config.AppConfig: Unsatisfied dependency expressed through method 'traineeDAO' parameter 0: Error creating bean with name 'sessionFactory' defined in class path resource [org/example/config/HibernateConfig.class]: 'void org.springframework.orm.hibernate5.LocalSessionFactoryBuilder.addAttributeConverter(java.lang.Class)'
12:50:10.273 [main] INFO  org.hibernate.Version - HHH000412: Hibernate ORM core version 6.2.8.Final
12:50:10.284 [main] INFO  org.hibernate.cfg.Environment - HHH000406: Using bytecode reflection optimizer
12:50:11.445 [main] WARN  org.springframework.context.annotation.AnnotationConfigApplicationContext - Exception encountered during context initialization - cancelling refresh attempt: org.springframework.beans.factory.UnsatisfiedDependencyException: Error creating bean with name 'traineeDAO' defined in org.example.config.AppConfig: Unsatisfied dependency expressed through method 'traineeDAO' parameter 0: Error creating bean with name 'sessionFactory' defined in class path resource [org/example/config/HibernateConfig.class]: Cannot invoke "org.hibernate.mapping.ToOne.getReferencedEntityName()" because "toOne" is null
12:50:23.936 [main] INFO  org.hibernate.Version - HHH000412: Hibernate ORM core version 6.2.8.Final
12:50:23.944 [main] INFO  org.hibernate.cfg.Environment - HHH000406: Using bytecode reflection optimizer
12:50:24.800 [main] INFO  org.hibernate.bytecode.internal.BytecodeProviderInitiator - HHH000021: Bytecode provider name : bytebuddy
12:50:25.214 [main] INFO  org.hibernate.engine.transaction.jta.platform.internal.JtaPlatformInitiator - HHH000490: Using JtaPlatform implementation: [org.hibernate.engine.transaction.jta.platform.internal.NoJtaPlatform]
12:50:25.346 [main] INFO  org.example.facade.GymFacade - Reading trainees...
12:50:25.554 [main] ERROR org.example.dao.TraineeDAO - Error while finding all trainees
java.lang.IllegalArgumentException: org.hibernate.query.sqm.UnknownEntityException: Could not resolve root entity 'Trainee'
	at org.hibernate.internal.ExceptionConverterImpl.convert(ExceptionConverterImpl.java:138) ~[hibernate-core-6.2.8.Final.jar:6.2.8.Final]
	at org.hibernate.internal.ExceptionConverterImpl.convert(ExceptionConverterImpl.java:162) ~[hibernate-core-6.2.8.Final.jar:6.2.8.Final]
	at org.hibernate.internal.ExceptionConverterImpl.convert(ExceptionConverterImpl.java:168) ~[hibernate-core-6.2.8.Final.jar:6.2.8.Final]
	at org.hibernate.internal.AbstractSharedSessionContract.createQuery(AbstractSharedSessionContract.java:795) ~[hibernate-core-6.2.8.Final.jar:6.2.8.Final]
	at org.hibernate.internal.AbstractSharedSessionContract.createQuery(AbstractSharedSessionContract.java:120) ~[hibernate-core-6.2.8.Final.jar:6.2.8.Final]
	at org.example.dao.TraineeDAO.getAllTrainees(TraineeDAO.java:71) [classes/:?]
	at java.base/jdk.internal.reflect.NativeMethodAccessorImpl.invoke0(Native Method) ~[?:?]
	at java.base/jdk.internal.reflect.NativeMethodAccessorImpl.invoke(NativeMethodAccessorImpl.java:77) ~[?:?]
	at java.base/jdk.internal.reflect.DelegatingMethodAccessorImpl.invoke(DelegatingMethodAccessorImpl.java:43) ~[?:?]
	at java.base/java.lang.reflect.Method.invoke(Method.java:568) ~[?:?]
	at org.springframework.aop.support.AopUtils.invokeJoinpointUsingReflection(AopUtils.java:343) [spring-aop-6.0.13.jar:6.0.13]
	at org.springframework.aop.framework.ReflectiveMethodInvocation.invokeJoinpoint(ReflectiveMethodInvocation.java:196) [spring-aop-6.0.13.jar:6.0.13]
	at org.springframework.aop.framework.ReflectiveMethodInvocation.proceed(ReflectiveMethodInvocation.java:163) [spring-aop-6.0.13.jar:6.0.13]
	at org.springframework.aop.framework.CglibAopProxy$CglibMethodInvocation.proceed(CglibAopProxy.java:751) [spring-aop-6.0.13.jar:6.0.13]
	at org.springframework.transaction.interceptor.TransactionInterceptor$1.proceedWithInvocation(TransactionInterceptor.java:123) [spring-tx-6.0.11.jar:6.0.11]
	at org.springframework.transaction.interceptor.TransactionAspectSupport.invokeWithinTransaction(TransactionAspectSupport.java:391) [spring-tx-6.0.11.jar:6.0.11]
	at org.springframework.transaction.interceptor.TransactionInterceptor.invoke(TransactionInterceptor.java:119) [spring-tx-6.0.11.jar:6.0.11]
	at org.springframework.aop.framework.ReflectiveMethodInvocation.proceed(ReflectiveMethodInvocation.java:184) [spring-aop-6.0.13.jar:6.0.13]
	at org.springframework.aop.framework.CglibAopProxy$CglibMethodInvocation.proceed(CglibAopProxy.java:751) [spring-aop-6.0.13.jar:6.0.13]
	at org.springframework.aop.framework.CglibAopProxy$DynamicAdvisedInterceptor.intercept(CglibAopProxy.java:703) [spring-aop-6.0.13.jar:6.0.13]
	at org.example.dao.TraineeDAO$$SpringCGLIB$$0.getAllTrainees(<generated>) [classes/:?]
	at org.example.service.TraineeService.getAllTrainees(TraineeService.java:69) [classes/:?]
	at org.example.facade.GymFacade.readTrainees(GymFacade.java:36) [classes/:?]
	at org.example.App.main(App.java:12) [classes/:?]
Caused by: org.hibernate.query.sqm.UnknownEntityException: Could not resolve root entity 'Trainee'
	at org.hibernate.query.hql.internal.SemanticQueryBuilder.visitRootEntity(SemanticQueryBuilder.java:1960) ~[hibernate-core-6.2.8.Final.jar:6.2.8.Final]
	at org.hibernate.query.hql.internal.SemanticQueryBuilder.visitRootEntity(SemanticQueryBuilder.java:253) ~[hibernate-core-6.2.8.Final.jar:6.2.8.Final]
	at org.hibernate.grammars.hql.HqlParser$RootEntityContext.accept(HqlParser.java:2473) ~[hibernate-core-6.2.8.Final.jar:6.2.8.Final]
	at org.hibernate.query.hql.internal.SemanticQueryBuilder.visitEntityWithJoins(SemanticQueryBuilder.java:1874) ~[hibernate-core-6.2.8.Final.jar:6.2.8.Final]
	at org.hibernate.query.hql.internal.SemanticQueryBuilder.visitFromClause(SemanticQueryBuilder.java:1865) ~[hibernate-core-6.2.8.Final.jar:6.2.8.Final]
	at org.hibernate.query.hql.internal.SemanticQueryBuilder.visitQuery(SemanticQueryBuilder.java:1141) ~[hibernate-core-6.2.8.Final.jar:6.2.8.Final]
	at org.hibernate.query.hql.internal.SemanticQueryBuilder.visitQuerySpecExpression(SemanticQueryBuilder.java:937) ~[hibernate-core-6.2.8.Final.jar:6.2.8.Final]
	at org.hibernate.query.hql.internal.SemanticQueryBuilder.visitQuerySpecExpression(SemanticQueryBuilder.java:253) ~[hibernate-core-6.2.8.Final.jar:6.2.8.Final]
	at org.hibernate.grammars.hql.HqlParser$QuerySpecExpressionContext.accept(HqlParser.java:1818) ~[hibernate-core-6.2.8.Final.jar:6.2.8.Final]
	at org.hibernate.query.hql.internal.SemanticQueryBuilder.visitSimpleQueryGroup(SemanticQueryBuilder.java:931) ~[hibernate-core-6.2.8.Final.jar:6.2.8.Final]
	at org.hibernate.query.hql.internal.SemanticQueryBuilder.visitSimpleQueryGroup(SemanticQueryBuilder.java:253) ~[hibernate-core-6.2.8.Final.jar:6.2.8.Final]
	at org.hibernate.grammars.hql.HqlParser$SimpleQueryGroupContext.accept(HqlParser.java:1711) ~[hibernate-core-6.2.8.Final.jar:6.2.8.Final]
	at org.hibernate.query.hql.internal.SemanticQueryBuilder.visitSelectStatement(SemanticQueryBuilder.java:418) ~[hibernate-core-6.2.8.Final.jar:6.2.8.Final]
	at org.hibernate.query.hql.internal.SemanticQueryBuilder.visitStatement(SemanticQueryBuilder.java:377) ~[hibernate-core-6.2.8.Final.jar:6.2.8.Final]
	at org.hibernate.query.hql.internal.SemanticQueryBuilder.buildSemanticModel(SemanticQueryBuilder.java:295) ~[hibernate-core-6.2.8.Final.jar:6.2.8.Final]
	at org.hibernate.query.hql.internal.StandardHqlTranslator.translate(StandardHqlTranslator.java:81) ~[hibernate-core-6.2.8.Final.jar:6.2.8.Final]
	at org.hibernate.query.internal.QueryInterpretationCacheStandardImpl.createHqlInterpretation(QueryInterpretationCacheStandardImpl.java:165) ~[hibernate-core-6.2.8.Final.jar:6.2.8.Final]
	at org.hibernate.query.internal.QueryInterpretationCacheStandardImpl.resolveHqlInterpretation(QueryInterpretationCacheStandardImpl.java:147) ~[hibernate-core-6.2.8.Final.jar:6.2.8.Final]
	at org.hibernate.internal.AbstractSharedSessionContract.interpretHql(AbstractSharedSessionContract.java:741) ~[hibernate-core-6.2.8.Final.jar:6.2.8.Final]
	at org.hibernate.internal.AbstractSharedSessionContract.createQuery(AbstractSharedSessionContract.java:786) ~[hibernate-core-6.2.8.Final.jar:6.2.8.Final]
	... 20 more
12:54:24.217 [main] INFO  org.hibernate.Version - HHH000412: Hibernate ORM core version 6.2.8.Final
12:54:24.226 [main] INFO  org.hibernate.cfg.Environment - HHH000406: Using bytecode reflection optimizer
12:54:25.346 [main] WARN  org.springframework.context.annotation.AnnotationConfigApplicationContext - Exception encountered during context initialization - cancelling refresh attempt: org.springframework.beans.factory.UnsatisfiedDependencyException: Error creating bean with name 'traineeDAO' defined in org.example.config.AppConfig: Unsatisfied dependency expressed through method 'traineeDAO' parameter 0: Error creating bean with name 'sessionFactory' defined in class path resource [org/example/config/HibernateConfig.class]: Cannot invoke "org.hibernate.mapping.ToOne.getReferencedEntityName()" because "toOne" is null
12:54:49.129 [main] INFO  org.hibernate.Version - HHH000412: Hibernate ORM core version 6.2.8.Final
12:54:49.138 [main] INFO  org.hibernate.cfg.Environment - HHH000406: Using bytecode reflection optimizer
12:54:50.139 [main] WARN  org.springframework.context.annotation.AnnotationConfigApplicationContext - Exception encountered during context initialization - cancelling refresh attempt: org.springframework.beans.factory.UnsatisfiedDependencyException: Error creating bean with name 'traineeDAO' defined in org.example.config.AppConfig: Unsatisfied dependency expressed through method 'traineeDAO' parameter 0: Error creating bean with name 'sessionFactory' defined in class path resource [org/example/config/HibernateConfig.class]: Cannot invoke "org.hibernate.mapping.ToOne.getReferencedEntityName()" because "toOne" is null
12:55:08.632 [main] INFO  org.hibernate.Version - HHH000412: Hibernate ORM core version 6.2.8.Final
12:55:08.641 [main] INFO  org.hibernate.cfg.Environment - HHH000406: Using bytecode reflection optimizer
12:55:09.773 [main] WARN  org.springframework.context.annotation.AnnotationConfigApplicationContext - Exception encountered during context initialization - cancelling refresh attempt: org.springframework.beans.factory.UnsatisfiedDependencyException: Error creating bean with name 'traineeDAO' defined in org.example.config.AppConfig: Unsatisfied dependency expressed through method 'traineeDAO' parameter 0: Error creating bean with name 'sessionFactory' defined in class path resource [org/example/config/HibernateConfig.class]: Cannot invoke "org.hibernate.mapping.ToOne.getReferencedEntityName()" because "toOne" is null
12:55:21.454 [main] INFO  org.hibernate.Version - HHH000412: Hibernate ORM core version 6.2.8.Final
12:55:21.462 [main] INFO  org.hibernate.cfg.Environment - HHH000406: Using bytecode reflection optimizer
12:55:22.295 [main] INFO  org.hibernate.bytecode.internal.BytecodeProviderInitiator - HHH000021: Bytecode provider name : bytebuddy
12:55:22.709 [main] INFO  org.hibernate.engine.transaction.jta.platform.internal.JtaPlatformInitiator - HHH000490: Using JtaPlatform implementation: [org.hibernate.engine.transaction.jta.platform.internal.NoJtaPlatform]
12:55:22.826 [main] INFO  org.example.facade.GymFacade - Reading trainees...
12:55:23.046 [main] ERROR org.example.dao.TraineeDAO - Error while finding all trainees
java.lang.IllegalArgumentException: org.hibernate.query.sqm.UnknownEntityException: Could not resolve root entity 'Trainee'
	at org.hibernate.internal.ExceptionConverterImpl.convert(ExceptionConverterImpl.java:138) ~[hibernate-core-6.2.8.Final.jar:6.2.8.Final]
	at org.hibernate.internal.ExceptionConverterImpl.convert(ExceptionConverterImpl.java:162) ~[hibernate-core-6.2.8.Final.jar:6.2.8.Final]
	at org.hibernate.internal.ExceptionConverterImpl.convert(ExceptionConverterImpl.java:168) ~[hibernate-core-6.2.8.Final.jar:6.2.8.Final]
	at org.hibernate.internal.AbstractSharedSessionContract.createQuery(AbstractSharedSessionContract.java:795) ~[hibernate-core-6.2.8.Final.jar:6.2.8.Final]
	at org.hibernate.internal.AbstractSharedSessionContract.createQuery(AbstractSharedSessionContract.java:120) ~[hibernate-core-6.2.8.Final.jar:6.2.8.Final]
	at org.example.dao.TraineeDAO.getAllTrainees(TraineeDAO.java:71) [classes/:?]
	at java.base/jdk.internal.reflect.NativeMethodAccessorImpl.invoke0(Native Method) ~[?:?]
	at java.base/jdk.internal.reflect.NativeMethodAccessorImpl.invoke(NativeMethodAccessorImpl.java:77) ~[?:?]
	at java.base/jdk.internal.reflect.DelegatingMethodAccessorImpl.invoke(DelegatingMethodAccessorImpl.java:43) ~[?:?]
	at java.base/java.lang.reflect.Method.invoke(Method.java:568) ~[?:?]
	at org.springframework.aop.support.AopUtils.invokeJoinpointUsingReflection(AopUtils.java:343) [spring-aop-6.0.13.jar:6.0.13]
	at org.springframework.aop.framework.ReflectiveMethodInvocation.invokeJoinpoint(ReflectiveMethodInvocation.java:196) [spring-aop-6.0.13.jar:6.0.13]
	at org.springframework.aop.framework.ReflectiveMethodInvocation.proceed(ReflectiveMethodInvocation.java:163) [spring-aop-6.0.13.jar:6.0.13]
	at org.springframework.aop.framework.CglibAopProxy$CglibMethodInvocation.proceed(CglibAopProxy.java:751) [spring-aop-6.0.13.jar:6.0.13]
	at org.springframework.transaction.interceptor.TransactionInterceptor$1.proceedWithInvocation(TransactionInterceptor.java:123) [spring-tx-6.0.11.jar:6.0.11]
	at org.springframework.transaction.interceptor.TransactionAspectSupport.invokeWithinTransaction(TransactionAspectSupport.java:391) [spring-tx-6.0.11.jar:6.0.11]
	at org.springframework.transaction.interceptor.TransactionInterceptor.invoke(TransactionInterceptor.java:119) [spring-tx-6.0.11.jar:6.0.11]
	at org.springframework.aop.framework.ReflectiveMethodInvocation.proceed(ReflectiveMethodInvocation.java:184) [spring-aop-6.0.13.jar:6.0.13]
	at org.springframework.aop.framework.CglibAopProxy$CglibMethodInvocation.proceed(CglibAopProxy.java:751) [spring-aop-6.0.13.jar:6.0.13]
	at org.springframework.aop.framework.CglibAopProxy$DynamicAdvisedInterceptor.intercept(CglibAopProxy.java:703) [spring-aop-6.0.13.jar:6.0.13]
	at org.example.dao.TraineeDAO$$SpringCGLIB$$0.getAllTrainees(<generated>) [classes/:?]
	at org.example.service.TraineeService.getAllTrainees(TraineeService.java:69) [classes/:?]
	at org.example.facade.GymFacade.readTrainees(GymFacade.java:36) [classes/:?]
	at org.example.App.main(App.java:12) [classes/:?]
Caused by: org.hibernate.query.sqm.UnknownEntityException: Could not resolve root entity 'Trainee'
	at org.hibernate.query.hql.internal.SemanticQueryBuilder.visitRootEntity(SemanticQueryBuilder.java:1960) ~[hibernate-core-6.2.8.Final.jar:6.2.8.Final]
	at org.hibernate.query.hql.internal.SemanticQueryBuilder.visitRootEntity(SemanticQueryBuilder.java:253) ~[hibernate-core-6.2.8.Final.jar:6.2.8.Final]
	at org.hibernate.grammars.hql.HqlParser$RootEntityContext.accept(HqlParser.java:2473) ~[hibernate-core-6.2.8.Final.jar:6.2.8.Final]
	at org.hibernate.query.hql.internal.SemanticQueryBuilder.visitEntityWithJoins(SemanticQueryBuilder.java:1874) ~[hibernate-core-6.2.8.Final.jar:6.2.8.Final]
	at org.hibernate.query.hql.internal.SemanticQueryBuilder.visitFromClause(SemanticQueryBuilder.java:1865) ~[hibernate-core-6.2.8.Final.jar:6.2.8.Final]
	at org.hibernate.query.hql.internal.SemanticQueryBuilder.visitQuery(SemanticQueryBuilder.java:1141) ~[hibernate-core-6.2.8.Final.jar:6.2.8.Final]
	at org.hibernate.query.hql.internal.SemanticQueryBuilder.visitQuerySpecExpression(SemanticQueryBuilder.java:937) ~[hibernate-core-6.2.8.Final.jar:6.2.8.Final]
	at org.hibernate.query.hql.internal.SemanticQueryBuilder.visitQuerySpecExpression(SemanticQueryBuilder.java:253) ~[hibernate-core-6.2.8.Final.jar:6.2.8.Final]
	at org.hibernate.grammars.hql.HqlParser$QuerySpecExpressionContext.accept(HqlParser.java:1818) ~[hibernate-core-6.2.8.Final.jar:6.2.8.Final]
	at org.hibernate.query.hql.internal.SemanticQueryBuilder.visitSimpleQueryGroup(SemanticQueryBuilder.java:931) ~[hibernate-core-6.2.8.Final.jar:6.2.8.Final]
	at org.hibernate.query.hql.internal.SemanticQueryBuilder.visitSimpleQueryGroup(SemanticQueryBuilder.java:253) ~[hibernate-core-6.2.8.Final.jar:6.2.8.Final]
	at org.hibernate.grammars.hql.HqlParser$SimpleQueryGroupContext.accept(HqlParser.java:1711) ~[hibernate-core-6.2.8.Final.jar:6.2.8.Final]
	at org.hibernate.query.hql.internal.SemanticQueryBuilder.visitSelectStatement(SemanticQueryBuilder.java:418) ~[hibernate-core-6.2.8.Final.jar:6.2.8.Final]
	at org.hibernate.query.hql.internal.SemanticQueryBuilder.visitStatement(SemanticQueryBuilder.java:377) ~[hibernate-core-6.2.8.Final.jar:6.2.8.Final]
	at org.hibernate.query.hql.internal.SemanticQueryBuilder.buildSemanticModel(SemanticQueryBuilder.java:295) ~[hibernate-core-6.2.8.Final.jar:6.2.8.Final]
	at org.hibernate.query.hql.internal.StandardHqlTranslator.translate(StandardHqlTranslator.java:81) ~[hibernate-core-6.2.8.Final.jar:6.2.8.Final]
	at org.hibernate.query.internal.QueryInterpretationCacheStandardImpl.createHqlInterpretation(QueryInterpretationCacheStandardImpl.java:165) ~[hibernate-core-6.2.8.Final.jar:6.2.8.Final]
	at org.hibernate.query.internal.QueryInterpretationCacheStandardImpl.resolveHqlInterpretation(QueryInterpretationCacheStandardImpl.java:147) ~[hibernate-core-6.2.8.Final.jar:6.2.8.Final]
	at org.hibernate.internal.AbstractSharedSessionContract.interpretHql(AbstractSharedSessionContract.java:741) ~[hibernate-core-6.2.8.Final.jar:6.2.8.Final]
	at org.hibernate.internal.AbstractSharedSessionContract.createQuery(AbstractSharedSessionContract.java:786) ~[hibernate-core-6.2.8.Final.jar:6.2.8.Final]
	... 20 more
19:29:10.153 [main] INFO  org.hibernate.Version - HHH000412: Hibernate ORM core version 6.2.8.Final
19:29:10.156 [main] INFO  org.hibernate.cfg.Environment - HHH000406: Using bytecode reflection optimizer
19:29:10.537 [main] INFO  org.hibernate.bytecode.internal.BytecodeProviderInitiator - HHH000021: Bytecode provider name : bytebuddy
19:29:10.799 [main] INFO  org.hibernate.engine.transaction.jta.platform.internal.JtaPlatformInitiator - HHH000490: Using JtaPlatform implementation: [org.hibernate.engine.transaction.jta.platform.internal.NoJtaPlatform]
19:29:10.880 [main] INFO  org.example.facade.GymFacade - Reading trainees...
19:33:08.099 [main] INFO  org.hibernate.Version - HHH000412: Hibernate ORM core version 6.2.8.Final
19:33:08.103 [main] INFO  org.hibernate.cfg.Environment - HHH000406: Using bytecode reflection optimizer
19:33:08.481 [main] INFO  org.hibernate.bytecode.internal.BytecodeProviderInitiator - HHH000021: Bytecode provider name : bytebuddy
19:33:08.740 [main] INFO  org.hibernate.engine.transaction.jta.platform.internal.JtaPlatformInitiator - HHH000490: Using JtaPlatform implementation: [org.hibernate.engine.transaction.jta.platform.internal.NoJtaPlatform]
19:33:08.819 [main] INFO  org.example.facade.GymFacade - Reading trainees...
19:34:00.519 [main] INFO  org.hibernate.Version - HHH000412: Hibernate ORM core version 6.2.8.Final
19:34:00.523 [main] INFO  org.hibernate.cfg.Environment - HHH000406: Using bytecode reflection optimizer
19:34:00.883 [main] INFO  org.hibernate.bytecode.internal.BytecodeProviderInitiator - HHH000021: Bytecode provider name : bytebuddy
19:34:01.161 [main] INFO  org.hibernate.engine.transaction.jta.platform.internal.JtaPlatformInitiator - HHH000490: Using JtaPlatform implementation: [org.hibernate.engine.transaction.jta.platform.internal.NoJtaPlatform]
19:34:01.241 [main] INFO  org.example.facade.GymFacade - Reading trainees...
21:44:47.426 [main] INFO  org.hibernate.Version - HHH000412: Hibernate ORM core version 6.2.8.Final
21:44:47.430 [main] INFO  org.hibernate.cfg.Environment - HHH000406: Using bytecode reflection optimizer
21:44:47.849 [main] INFO  org.hibernate.bytecode.internal.BytecodeProviderInitiator - HHH000021: Bytecode provider name : bytebuddy
21:44:48.141 [main] INFO  org.hibernate.engine.transaction.jta.platform.internal.JtaPlatformInitiator - HHH000490: Using JtaPlatform implementation: [org.hibernate.engine.transaction.jta.platform.internal.NoJtaPlatform]
21:44:48.224 [main] INFO  org.example.facade.GymFacade - Reading trainees...
